#
# There is insufficient memory for the Java Runtime Environment to continue.
# Native memory allocation (malloc) failed to allocate 1276816 bytes for Chunk::new
# Possible reasons:
#   The system is out of physical RAM or swap space
#   The process is running with CompressedOops enabled, and the Java Heap may be blocking the growth of the native heap
# Possible solutions:
#   Reduce memory load on the system
#   Increase physical memory or swap space
#   Check if swap backing store is full
#   Decrease Java heap size (-Xmx/-Xms)
#   Decrease number of Java threads
#   Decrease Java thread stack sizes (-Xss)
#   Set larger code cache with -XX:ReservedCodeCacheSize=
#   JVM is running with Unscaled Compressed Oops mode in which the Java heap is
#     placed in the first 4GB address space. The Java Heap base address is the
#     maximum limit for the native heap growth. Please use -XX:HeapBaseMinAddress
#     to set the Java Heap base and to place the Java Heap above 4GB virtual address.
# This output file may be truncated or incomplete.
#
#  Out of Memory Error (allocation.cpp:389), pid=7772, tid=0x0000000000001690
#
# JRE version: OpenJDK Runtime Environment (8.0_212-b04) (build 1.8.0_212-release-1586-b04)
# Java VM: OpenJDK 64-Bit Server VM (25.212-b04 mixed mode windows-amd64 compressed oops)
# Failed to write core dump. Minidumps are not enabled by default on client versions of Windows
#

---------------  T H R E A D  ---------------

Current thread (0x0000000016be3800):  JavaThread "C2 CompilerThread0" daemon [_thread_in_native, id=5776, stack(0x0000000018270000,0x0000000018370000)]

Stack: [0x0000000018270000,0x0000000018370000]
[error occurred during error reporting (printing stack bounds), id 0xc0000005]

Native frames: (J=compiled Java code, j=interpreted, Vv=VM code, C=native code)


Current CompileTask:
C2:  73373 3741   !   4       java.util.jar.Attributes::read (380 bytes)


---------------  P R O C E S S  ---------------

Java Threads: ( => current thread )
  0x000000001ccce800 JavaThread "Cache worker for Build Output Cleanup Cache (C:\Users\Asus\AndroidStudioProjects\MyApplication5\.gradle\buildOutputCleanup)" [_thread_blocked, id=6192, stack(0x0000000001620000,0x0000000001720000)]
  0x000000001ccd1800 JavaThread "Build operations Thread 4" [_thread_blocked, id=10228, stack(0x0000000021660000,0x0000000021760000)]
  0x000000001ccd3000 JavaThread "Build operations Thread 3" [_thread_blocked, id=9244, stack(0x0000000021560000,0x0000000021660000)]
  0x000000001cccd800 JavaThread "Build operations Thread 2" [_thread_blocked, id=4512, stack(0x0000000021460000,0x0000000021560000)]
  0x000000001ccd2000 JavaThread "Build operations" [_thread_blocked, id=8760, stack(0x00000000211e0000,0x00000000212e0000)]
  0x000000001ccd0800 JavaThread "Cache worker for execution history cache (C:\Users\Asus\.gradle\caches\5.6.4\executionHistory)" [_thread_blocked, id=2076, stack(0x0000000021360000,0x0000000021460000)]
  0x0000000018789800 JavaThread "Cache worker for cache directory md-rule (C:\Users\Asus\.gradle\caches\5.6.4\md-rule)" [_thread_blocked, id=1592, stack(0x000000001fca0000,0x000000001fda0000)]
  0x0000000018787800 JavaThread "Cache worker for cache directory md-supplier (C:\Users\Asus\.gradle\caches\5.6.4\md-supplier)" [_thread_blocked, id=8336, stack(0x000000001fba0000,0x000000001fca0000)]
  0x000000001878c800 JavaThread "Cache worker for file hash cache (C:\Users\Asus\AndroidStudioProjects\MyApplication5\.gradle\5.6.4\fileHashes)" [_thread_blocked, id=6732, stack(0x000000001db70000,0x000000001dc70000)]
  0x0000000018789000 JavaThread "Cache worker for journal cache (C:\Users\Asus\.gradle\caches\journal-1)" [_thread_blocked, id=8392, stack(0x000000001b9d0000,0x000000001bad0000)]
  0x000000001878a800 JavaThread "File lock request listener" [_thread_in_native, id=5912, stack(0x000000001b8d0000,0x000000001b9d0000)]
  0x0000000018786800 JavaThread "Cache worker for file hash cache (C:\Users\Asus\.gradle\caches\5.6.4\fileHashes)" [_thread_blocked, id=7652, stack(0x000000001b5d0000,0x000000001b6d0000)]
  0x0000000019b54000 JavaThread "Thread-9" [_thread_blocked, id=10176, stack(0x000000001b4d0000,0x000000001b5d0000)]
  0x0000000019b48000 JavaThread "Stdin handler" [_thread_blocked, id=5188, stack(0x000000001b3d0000,0x000000001b4d0000)]
  0x0000000019b45800 JavaThread "Asynchronous log dispatcher for DefaultDaemonConnection: socket connection from /127.0.0.1:50378 to /127.0.0.1:50379" [_thread_blocked, id=6012, stack(0x000000001b2d0000,0x000000001b3d0000)]
  0x000000001882b000 JavaThread "Daemon worker" [_thread_in_native, id=2052, stack(0x000000001b1d0000,0x000000001b2d0000)]
  0x0000000018826000 JavaThread "Cancel handler" [_thread_blocked, id=6484, stack(0x000000001b0d0000,0x000000001b1d0000)]
  0x0000000019371000 JavaThread "Handler for socket connection from /127.0.0.1:50378 to /127.0.0.1:50379" [_thread_in_native, id=5608, stack(0x000000001add0000,0x000000001aed0000)]
  0x0000000019370800 JavaThread "Daemon" [_thread_blocked, id=3464, stack(0x000000001acd0000,0x000000001add0000)]
  0x000000001904b800 JavaThread "Daemon periodic checks" [_thread_blocked, id=8876, stack(0x000000001abd0000,0x000000001acd0000)]
  0x000000001904a800 JavaThread "Incoming local TCP Connector on port 50378" [_thread_in_native, id=4900, stack(0x000000001a980000,0x000000001aa80000)]
  0x000000001a204800 JavaThread "Daemon health stats" [_thread_blocked, id=4416, stack(0x000000001a340000,0x000000001a440000)]
  0x000000001859b000 JavaThread "Service Thread" daemon [_thread_blocked, id=9036, stack(0x0000000018970000,0x0000000018a70000)]
  0x0000000016bfc800 JavaThread "C1 CompilerThread2" daemon [_thread_blocked, id=6036, stack(0x0000000018470000,0x0000000018570000)]
  0x0000000016bea800 JavaThread "C2 CompilerThread1" daemon [_thread_blocked, id=6988, stack(0x0000000018370000,0x0000000018470000)]
=>0x0000000016be3800 JavaThread "C2 CompilerThread0" daemon [_thread_in_native, id=5776, stack(0x0000000018270000,0x0000000018370000)]
  0x0000000016be2000 JavaThread "Attach Listener" daemon [_thread_blocked, id=8496, stack(0x0000000018170000,0x0000000018270000)]
  0x0000000016be8800 JavaThread "Signal Dispatcher" daemon [_thread_blocked, id=9712, stack(0x0000000018070000,0x0000000018170000)]
  0x0000000016bc8000 JavaThread "Finalizer" daemon [_thread_blocked, id=2764, stack(0x0000000017e60000,0x0000000017f60000)]
  0x00000000031c4800 JavaThread "Reference Handler" daemon [_thread_blocked, id=7940, stack(0x0000000017d60000,0x0000000017e60000)]
  0x000000000326d800 JavaThread "main" [_thread_blocked, id=4112, stack(0x0000000002f30000,0x0000000003030000)]

Other Threads:
  0x0000000016ba6000 VMThread [stack: 0x0000000017c60000,0x0000000017d60000] [id=9808]
  0x00000000185af800 WatcherThread [stack: 0x0000000018a70000,0x0000000018b70000] [id=6868]

VM state:not at safepoint (normal execution)

VM Mutex/Monitor currently owned by a thread: None

heap address: 0x00000000a0000000, size: 1536 MB, Compressed Oops mode: 32-bit
Narrow klass base: 0x0000000000000000, Narrow klass shift: 3
Compressed class space size: 1073741824 Address: 0x0000000100000000

Heap:
 PSYoungGen      total 40448K, used 33171K [0x00000000e0000000, 0x00000000e3280000, 0x0000000100000000)
  eden space 35840K, 79% used [0x00000000e0000000,0x00000000e1beba28,0x00000000e2300000)
  from space 4608K, 99% used [0x00000000e2300000,0x00000000e2779548,0x00000000e2780000)
  to   space 5632K, 0% used [0x00000000e2d00000,0x00000000e2d00000,0x00000000e3280000)
 ParOldGen       total 53248K, used 15034K [0x00000000a0000000, 0x00000000a3400000, 0x00000000e0000000)
  object space 53248K, 28% used [0x00000000a0000000,0x00000000a0eaeac0,0x00000000a3400000)
 Metaspace       used 42572K, capacity 43590K, committed 43776K, reserved 1087488K
  class space    used 5748K, capacity 6021K, committed 6144K, reserved 1048576K

Card table byte_map: [0x0000000012630000,0x0000000012940000] byte_map_base: 0x0000000012130000

Marking Bits: (ParMarkBitMap*) 0x00000000675c9f30
 Begin Bits: [0x0000000012f40000, 0x0000000014740000)
 End Bits:   [0x0000000014740000, 0x0000000015f40000)

Polling page: 0x0000000003030000

CodeCache: size=245760Kb used=11705Kb max_used=11705Kb free=234054Kb
 bounds [0x0000000003270000, 0x0000000003df0000, 0x0000000012270000]
 total_blobs=4174 nmethods=3432 adapters=655
 compilation: enabled

Compilation events (10 events):
Event: 73.173 Thread 0x0000000016bfc800 3748       3       java.io.ByteArrayInputStream::<init> (26 bytes)
Event: 73.173 Thread 0x0000000016bfc800 nmethod 3748 0x0000000003de1950 code [0x0000000003de1ac0, 0x0000000003de1d10]
Event: 73.173 Thread 0x0000000016bfc800 3749       3       java.io.ByteArrayOutputStream::<init> (7 bytes)
Event: 73.174 Thread 0x0000000016bfc800 nmethod 3749 0x0000000003de6e50 code [0x0000000003de6fc0, 0x0000000003de7148]
Event: 73.176 Thread 0x0000000016bfc800 3750       3       java.util.Vector::<init> (7 bytes)
Event: 73.176 Thread 0x0000000016bfc800 nmethod 3750 0x0000000003de6ad0 code [0x0000000003de6c40, 0x0000000003de6dc8]
Event: 73.177 Thread 0x0000000016bfc800 3751  s    3       java.io.ByteArrayInputStream::skip (43 bytes)
Event: 73.178 Thread 0x0000000016bfc800 nmethod 3751 0x0000000003de6550 code [0x0000000003de66c0, 0x0000000003de6a30]
Event: 73.179 Thread 0x0000000016bfc800 3752       3       java.io.InputStream::read (9 bytes)
Event: 73.179 Thread 0x0000000016bfc800 nmethod 3752 0x0000000003de6090 code [0x0000000003de6200, 0x0000000003de6428]

GC Heap History (10 events):
Event: 54.576 GC heap before
{Heap before GC invocations=23 (full 1):
 PSYoungGen      total 27648K, used 24281K [0x00000000e0000000, 0x00000000e2680000, 0x0000000100000000)
  eden space 22528K, 100% used [0x00000000e0000000,0x00000000e1600000,0x00000000e1600000)
  from space 5120K, 34% used [0x00000000e1600000,0x00000000e17b6798,0x00000000e1b00000)
  to   space 5120K, 0% used [0x00000000e2180000,0x00000000e2180000,0x00000000e2680000)
 ParOldGen       total 33792K, used 13560K [0x00000000a0000000, 0x00000000a2100000, 0x00000000e0000000)
  object space 33792K, 40% used [0x00000000a0000000,0x00000000a0d3e1c8,0x00000000a2100000)
 Metaspace       used 33039K, capacity 33644K, committed 34048K, reserved 1079296K
  class space    used 4537K, capacity 4743K, committed 4864K, reserved 1048576K
Event: 54.585 GC heap after
Heap after GC invocations=23 (full 1):
 PSYoungGen      total 32256K, used 1570K [0x00000000e0000000, 0x00000000e2500000, 0x0000000100000000)
  eden space 28672K, 0% used [0x00000000e0000000,0x00000000e0000000,0x00000000e1c00000)
  from space 3584K, 43% used [0x00000000e2180000,0x00000000e23089c0,0x00000000e2500000)
  to   space 4608K, 0% used [0x00000000e1c00000,0x00000000e1c00000,0x00000000e2080000)
 ParOldGen       total 33792K, used 14184K [0x00000000a0000000, 0x00000000a2100000, 0x00000000e0000000)
  object space 33792K, 41% used [0x00000000a0000000,0x00000000a0dda068,0x00000000a2100000)
 Metaspace       used 33039K, capacity 33644K, committed 34048K, reserved 1079296K
  class space    used 4537K, capacity 4743K, committed 4864K, reserved 1048576K
}
Event: 57.604 GC heap before
{Heap before GC invocations=24 (full 1):
 PSYoungGen      total 32256K, used 30242K [0x00000000e0000000, 0x00000000e2500000, 0x0000000100000000)
  eden space 28672K, 100% used [0x00000000e0000000,0x00000000e1c00000,0x00000000e1c00000)
  from space 3584K, 43% used [0x00000000e2180000,0x00000000e23089c0,0x00000000e2500000)
  to   space 4608K, 0% used [0x00000000e1c00000,0x00000000e1c00000,0x00000000e2080000)
 ParOldGen       total 33792K, used 14184K [0x00000000a0000000, 0x00000000a2100000, 0x00000000e0000000)
  object space 33792K, 41% used [0x00000000a0000000,0x00000000a0dda068,0x00000000a2100000)
 Metaspace       used 34396K, capacity 35182K, committed 35456K, reserved 1079296K
  class space    used 4717K, capacity 4922K, committed 4992K, reserved 1048576K
Event: 57.615 GC heap after
Heap after GC invocations=24 (full 1):
 PSYoungGen      total 33280K, used 2024K [0x00000000e0000000, 0x00000000e2c80000, 0x0000000100000000)
  eden space 28672K, 0% used [0x00000000e0000000,0x00000000e0000000,0x00000000e1c00000)
  from space 4608K, 43% used [0x00000000e1c00000,0x00000000e1dfa108,0x00000000e2080000)
  to   space 4608K, 0% used [0x00000000e2800000,0x00000000e2800000,0x00000000e2c80000)
 ParOldGen       total 33792K, used 14432K [0x00000000a0000000, 0x00000000a2100000, 0x00000000e0000000)
  object space 33792K, 42% used [0x00000000a0000000,0x00000000a0e18068,0x00000000a2100000)
 Metaspace       used 34396K, capacity 35182K, committed 35456K, reserved 1079296K
  class space    used 4717K, capacity 4922K, committed 4992K, reserved 1048576K
}
Event: 60.514 GC heap before
{Heap before GC invocations=25 (full 1):
 PSYoungGen      total 33280K, used 11187K [0x00000000e0000000, 0x00000000e2c80000, 0x0000000100000000)
  eden space 28672K, 31% used [0x00000000e0000000,0x00000000e08f2e98,0x00000000e1c00000)
  from space 4608K, 43% used [0x00000000e1c00000,0x00000000e1dfa108,0x00000000e2080000)
  to   space 4608K, 0% used [0x00000000e2800000,0x00000000e2800000,0x00000000e2c80000)
 ParOldGen       total 33792K, used 14432K [0x00000000a0000000, 0x00000000a2100000, 0x00000000e0000000)
  object space 33792K, 42% used [0x00000000a0000000,0x00000000a0e18068,0x00000000a2100000)
 Metaspace       used 34600K, capacity 35366K, committed 35456K, reserved 1079296K
  class space    used 4750K, capacity 4962K, committed 4992K, reserved 1048576K
Event: 60.524 GC heap after
Heap after GC invocations=25 (full 1):
 PSYoungGen      total 39936K, used 1331K [0x00000000e0000000, 0x00000000e2c00000, 0x0000000100000000)
  eden space 35840K, 0% used [0x00000000e0000000,0x00000000e0000000,0x00000000e2300000)
  from space 4096K, 32% used [0x00000000e2800000,0x00000000e294cdf0,0x00000000e2c00000)
  to   space 4608K, 0% used [0x00000000e2300000,0x00000000e2300000,0x00000000e2780000)
 ParOldGen       total 33792K, used 15414K [0x00000000a0000000, 0x00000000a2100000, 0x00000000e0000000)
  object space 33792K, 45% used [0x00000000a0000000,0x00000000a0f0d8e8,0x00000000a2100000)
 Metaspace       used 34600K, capacity 35366K, committed 35456K, reserved 1079296K
  class space    used 4750K, capacity 4962K, committed 4992K, reserved 1048576K
}
Event: 60.524 GC heap before
{Heap before GC invocations=26 (full 2):
 PSYoungGen      total 39936K, used 1331K [0x00000000e0000000, 0x00000000e2c00000, 0x0000000100000000)
  eden space 35840K, 0% used [0x00000000e0000000,0x00000000e0000000,0x00000000e2300000)
  from space 4096K, 32% used [0x00000000e2800000,0x00000000e294cdf0,0x00000000e2c00000)
  to   space 4608K, 0% used [0x00000000e2300000,0x00000000e2300000,0x00000000e2780000)
 ParOldGen       total 33792K, used 15414K [0x00000000a0000000, 0x00000000a2100000, 0x00000000e0000000)
  object space 33792K, 45% used [0x00000000a0000000,0x00000000a0f0d8e8,0x00000000a2100000)
 Metaspace       used 34600K, capacity 35366K, committed 35456K, reserved 1079296K
  class space    used 4750K, capacity 4962K, committed 4992K, reserved 1048576K
Event: 60.948 GC heap after
Heap after GC invocations=26 (full 2):
 PSYoungGen      total 39936K, used 0K [0x00000000e0000000, 0x00000000e2c00000, 0x0000000100000000)
  eden space 35840K, 0% used [0x00000000e0000000,0x00000000e0000000,0x00000000e2300000)
  from space 4096K, 0% used [0x00000000e2800000,0x00000000e2800000,0x00000000e2c00000)
  to   space 4608K, 0% used [0x00000000e2300000,0x00000000e2300000,0x00000000e2780000)
 ParOldGen       total 53248K, used 14727K [0x00000000a0000000, 0x00000000a3400000, 0x00000000e0000000)
  object space 53248K, 27% used [0x00000000a0000000,0x00000000a0e61d60,0x00000000a3400000)
 Metaspace       used 34591K, capacity 35336K, committed 35456K, reserved 1079296K
  class space    used 4747K, capacity 4957K, committed 4992K, reserved 1048576K
}
Event: 66.554 GC heap before
{Heap before GC invocations=27 (full 2):
 PSYoungGen      total 39936K, used 35840K [0x00000000e0000000, 0x00000000e2c00000, 0x0000000100000000)
  eden space 35840K, 100% used [0x00000000e0000000,0x00000000e2300000,0x00000000e2300000)
  from space 4096K, 0% used [0x00000000e2800000,0x00000000e2800000,0x00000000e2c00000)
  to   space 4608K, 0% used [0x00000000e2300000,0x00000000e2300000,0x00000000e2780000)
 ParOldGen       total 53248K, used 14727K [0x00000000a0000000, 0x00000000a3400000, 0x00000000e0000000)
  object space 53248K, 27% used [0x00000000a0000000,0x00000000a0e61d60,0x00000000a3400000)
 Metaspace       used 39389K, capacity 40364K, committed 40576K, reserved 1083392K
  class space    used 5363K, capacity 5664K, committed 5760K, reserved 1048576K
Event: 66.585 GC heap after
Heap after GC invocations=27 (full 2):
 PSYoungGen      total 40448K, used 4581K [0x00000000e0000000, 0x00000000e3280000, 0x0000000100000000)
  eden space 35840K, 0% used [0x00000000e0000000,0x00000000e0000000,0x00000000e2300000)
  from space 4608K, 99% used [0x00000000e2300000,0x00000000e2779548,0x00000000e2780000)
  to   space 5632K, 0% used [0x00000000e2d00000,0x00000000e2d00000,0x00000000e3280000)
 ParOldGen       total 53248K, used 15034K [0x00000000a0000000, 0x00000000a3400000, 0x00000000e0000000)
  object space 53248K, 28% used [0x00000000a0000000,0x00000000a0eaeac0,0x00000000a3400000)
 Metaspace       used 39389K, capacity 40364K, committed 40576K, reserved 1083392K
  class space    used 5363K, capacity 5664K, committed 5760K, reserved 1048576K
}

Deoptimization events (10 events):
Event: 64.507 Thread 0x000000001882b000 Uncommon trap: reason=unstable_if action=reinterpret pc=0x0000000003d7a184 method=jdk.internal.org.objectweb.asm.Type.getArgumentsAndReturnSizes(Ljava/lang/String;)I @ 47
Event: 70.298 Thread 0x000000001882b000 Uncommon trap: reason=unstable_if action=reinterpret pc=0x0000000003acf4f4 method=java.util.jar.JarFile.maybeInstantiateVerifier()V @ 75
Event: 70.299 Thread 0x000000001882b000 Uncommon trap: reason=unstable_if action=reinterpret pc=0x00000000034f54a0 method=java.util.jar.Manifest$FastInputStream.readLine([BII)I @ 87
Event: 70.300 Thread 0x000000001882b000 Uncommon trap: reason=unstable_if action=reinterpret pc=0x000000000379e5cc method=java.util.jar.Attributes$Name.isDigit(C)Z @ 3
Event: 70.432 Thread 0x000000001882b000 Uncommon trap: reason=unstable_if action=reinterpret pc=0x0000000003cf4538 method=java.lang.ThreadLocal.get()Ljava/lang/Object; @ 11
Event: 71.227 Thread 0x000000001882b000 Uncommon trap: reason=speculate_class_check action=maybe_recompile pc=0x0000000003dc40b4 method=java.util.HashMap.putVal(ILjava/lang/Object;Ljava/lang/Object;ZZ)Ljava/lang/Object; @ 56
Event: 71.227 Thread 0x000000001882b000 Uncommon trap: reason=speculate_class_check action=maybe_recompile pc=0x0000000003dc40b4 method=java.util.HashMap.putVal(ILjava/lang/Object;Ljava/lang/Object;ZZ)Ljava/lang/Object; @ 56
Event: 71.227 Thread 0x000000001882b000 Uncommon trap: reason=speculate_class_check action=maybe_recompile pc=0x0000000003dc40b4 method=java.util.HashMap.putVal(ILjava/lang/Object;Ljava/lang/Object;ZZ)Ljava/lang/Object; @ 56
Event: 71.227 Thread 0x000000001882b000 Uncommon trap: reason=speculate_class_check action=maybe_recompile pc=0x0000000003dc40b4 method=java.util.HashMap.putVal(ILjava/lang/Object;Ljava/lang/Object;ZZ)Ljava/lang/Object; @ 56
Event: 73.218 Thread 0x000000001882b000 Uncommon trap: reason=unstable_if action=reinterpret pc=0x00000000035501fc method=java.lang.CharacterDataLatin1.isWhitespace(I)Z @ 14

Classes redefined (0 events):
No events

Internal exceptions (10 events):
Event: 61.280 Thread 0x000000001882b000 Exception <a 'java/lang/ClassNotFoundException': org/gradle/api/internal/ConventionTaskCustomizer> (0x00000000e0455b38) thrown at [D:\src\AOSP-openjdk-cygwin\jdk8u\hotspot\src\share\vm\classfile\systemDictionary.cpp, line 210]
Event: 61.286 Thread 0x000000001882b000 Exception <a 'java/lang/ClassNotFoundException': org/gradle/api/tasks/DeleteCustomizer> (0x00000000e0494bf0) thrown at [D:\src\AOSP-openjdk-cygwin\jdk8u\hotspot\src\share\vm\classfile\systemDictionary.cpp, line 210]
Event: 61.294 Thread 0x000000001882b000 Exception <a 'java/lang/ClassNotFoundException': org/gradle/api/tasks/Delete_DecoratedCustomizer> (0x00000000e04e1720) thrown at [D:\src\AOSP-openjdk-cygwin\jdk8u\hotspot\src\share\vm\classfile\systemDictionary.cpp, line 210]
Event: 61.521 Thread 0x000000001882b000 Exception <a 'java/lang/ClassNotFoundException': build_62dxdjt7p461ptkf2kaqhsu0sBeanInfo> (0x00000000e05e6868) thrown at [D:\src\AOSP-openjdk-cygwin\jdk8u\hotspot\src\share\vm\classfile\systemDictionary.cpp, line 210]
Event: 61.522 Thread 0x000000001882b000 Exception <a 'java/lang/ClassNotFoundException': build_62dxdjt7p461ptkf2kaqhsu0sCustomizer> (0x00000000e05f3260) thrown at [D:\src\AOSP-openjdk-cygwin\jdk8u\hotspot\src\share\vm\classfile\systemDictionary.cpp, line 210]
Event: 61.536 Thread 0x000000001882b000 Exception <a 'java/lang/ClassNotFoundException': org/gradle/api/internal/plugins/DefaultObjectConfigurationActionBeanInfo> (0x00000000e0669768) thrown at [D:\src\AOSP-openjdk-cygwin\jdk8u\hotspot\src\share\vm\classfile\systemDictionary.cpp, line 210]
Event: 61.538 Thread 0x000000001882b000 Exception <a 'java/lang/ClassNotFoundException': org/gradle/api/internal/plugins/DefaultObjectConfigurationActionCustomizer> (0x00000000e06ac620) thrown at [D:\src\AOSP-openjdk-cygwin\jdk8u\hotspot\src\share\vm\classfile\systemDictionary.cpp, line 210]
Event: 64.380 Thread 0x000000001882b000 Implicit null exception at 0x0000000003c1e7e7 to 0x0000000003c1f81d
Event: 64.382 Thread 0x000000001882b000 Implicit null exception at 0x0000000003544315 to 0x00000000035445fd
Event: 70.432 Thread 0x000000001882b000 Implicit null exception at 0x0000000003cf3fe8 to 0x0000000003cf4521

Events (10 events):
Event: 73.184 loading class sun/security/x509/AVAKeyword
Event: 73.217 loading class sun/security/x509/AVAKeyword done
Event: 73.218 Thread 0x000000001882b000 Uncommon trap: trap_request=0xffffff65 fr.pc=0x00000000035501fc
Event: 73.218 Thread 0x000000001882b000 DEOPT PACKING pc=0x00000000035501fc sp=0x000000001b2c6270
Event: 73.218 Thread 0x000000001882b000 DEOPT UNPACKING pc=0x00000000032b557b sp=0x000000001b2c61e8 mode 2
Event: 73.218 loading class java/text/Normalizer$Form
Event: 73.251 loading class java/text/Normalizer$Form done
Event: 73.251 loading class java/text/Normalizer
Event: 73.251 loading class java/text/Normalizer done
Event: 73.251 loading class sun/text/normalizer/NormalizerBase


Dynamic libraries:
0x00007ff6ca900000 - 0x00007ff6ca931000 	C:\Program Files\Android\Android Studio\jre\bin\java.exe
0x00007ffbc1320000 - 0x00007ffbc1510000 	C:\WINDOWS\SYSTEM32\ntdll.dll
0x00007ffbbf8c0000 - 0x00007ffbbf972000 	C:\WINDOWS\System32\KERNEL32.DLL
0x00007ffbbe420000 - 0x00007ffbbe6c3000 	C:\WINDOWS\System32\KERNELBASE.dll
0x00007ffbc03e0000 - 0x00007ffbc0483000 	C:\WINDOWS\System32\ADVAPI32.dll
0x00007ffbbfe00000 - 0x00007ffbbfe9e000 	C:\WINDOWS\System32\msvcrt.dll
0x00007ffbc1210000 - 0x00007ffbc12a7000 	C:\WINDOWS\System32\sechost.dll
0x00007ffbbfea0000 - 0x00007ffbbffc0000 	C:\WINDOWS\System32\RPCRT4.dll
0x00007ffbbf650000 - 0x00007ffbbf7e4000 	C:\WINDOWS\System32\USER32.dll
0x00007ffbbe7a0000 - 0x00007ffbbe7c1000 	C:\WINDOWS\System32\win32u.dll
0x00007ffbc04a0000 - 0x00007ffbc04c6000 	C:\WINDOWS\System32\GDI32.dll
0x00007ffbbf1b0000 - 0x00007ffbbf344000 	C:\WINDOWS\System32\gdi32full.dll
0x00007ffbbe280000 - 0x00007ffbbe31e000 	C:\WINDOWS\System32\msvcp_win.dll
0x00007ffbbe320000 - 0x00007ffbbe41a000 	C:\WINDOWS\System32\ucrtbase.dll
0x00007ffbb4730000 - 0x00007ffbb49b5000 	C:\WINDOWS\WinSxS\amd64_microsoft.windows.common-controls_6595b64144ccf1df_6.0.18362.657_none_e6c5b579130e3898\COMCTL32.dll
0x00007ffbbfac0000 - 0x00007ffbbfdf6000 	C:\WINDOWS\System32\combase.dll
0x00007ffbbe980000 - 0x00007ffbbea00000 	C:\WINDOWS\System32\bcryptPrimitives.dll
0x00007ffbc0bc0000 - 0x00007ffbc0bee000 	C:\WINDOWS\System32\IMM32.DLL
0x0000000066c40000 - 0x0000000066d12000 	C:\Program Files\Android\Android Studio\jre\jre\bin\msvcr100.dll
0x0000000066e00000 - 0x0000000067646000 	C:\Program Files\Android\Android Studio\jre\jre\bin\server\jvm.dll
0x00007ffbbf640000 - 0x00007ffbbf648000 	C:\WINDOWS\System32\PSAPI.DLL
0x00007ffbb06f0000 - 0x00007ffbb06fa000 	C:\WINDOWS\SYSTEM32\VERSION.dll
0x00007ffbbbff0000 - 0x00007ffbbc014000 	C:\WINDOWS\SYSTEM32\WINMM.dll
0x00007ffbbccd0000 - 0x00007ffbbccd9000 	C:\WINDOWS\SYSTEM32\WSOCK32.dll
0x00007ffbc0170000 - 0x00007ffbc01df000 	C:\WINDOWS\System32\WS2_32.dll
0x00007ffbbbfc0000 - 0x00007ffbbbfed000 	C:\WINDOWS\SYSTEM32\WINMMBASE.dll
0x00007ffbbf350000 - 0x00007ffbbf39a000 	C:\WINDOWS\System32\cfgmgr32.dll
0x00007ffbb82d0000 - 0x00007ffbb82df000 	C:\Program Files\Android\Android Studio\jre\jre\bin\verify.dll
0x00007ffbac430000 - 0x00007ffbac459000 	C:\Program Files\Android\Android Studio\jre\jre\bin\java.dll
0x00007ffbb82b0000 - 0x00007ffbb82c6000 	C:\Program Files\Android\Android Studio\jre\jre\bin\zip.dll
0x00007ffbc04d0000 - 0x00007ffbc0bb5000 	C:\WINDOWS\System32\SHELL32.dll
0x00007ffbc0330000 - 0x00007ffbc03d9000 	C:\WINDOWS\System32\shcore.dll
0x00007ffbbea00000 - 0x00007ffbbf17f000 	C:\WINDOWS\System32\windows.storage.dll
0x00007ffbbe1f0000 - 0x00007ffbbe20f000 	C:\WINDOWS\System32\profapi.dll
0x00007ffbbe210000 - 0x00007ffbbe25a000 	C:\WINDOWS\System32\powrprof.dll
0x00007ffbbe1c0000 - 0x00007ffbbe1d0000 	C:\WINDOWS\System32\UMPDC.dll
0x00007ffbbf400000 - 0x00007ffbbf452000 	C:\WINDOWS\System32\shlwapi.dll
0x00007ffbbe260000 - 0x00007ffbbe271000 	C:\WINDOWS\System32\kernel.appcore.dll
0x00007ffbbe6d0000 - 0x00007ffbbe6e7000 	C:\WINDOWS\System32\cryptsp.dll
0x00007ffbad030000 - 0x00007ffbad04a000 	C:\Program Files\Android\Android Studio\jre\jre\bin\net.dll
0x00007ffbb2460000 - 0x00007ffbb2636000 	C:\WINDOWS\SYSTEM32\urlmon.dll
0x00007ffbb2cc0000 - 0x00007ffbb2f66000 	C:\WINDOWS\SYSTEM32\iertutil.dll
0x00007ffbbdba0000 - 0x00007ffbbdbac000 	C:\WINDOWS\SYSTEM32\CRYPTBASE.DLL
0x00007ffbbd9d0000 - 0x00007ffbbda37000 	C:\WINDOWS\system32\mswsock.dll
0x00007ffbac410000 - 0x00007ffbac423000 	C:\Program Files\Android\Android Studio\jre\jre\bin\nio.dll
0x00007ffb99980000 - 0x00007ffb999a6000 	C:\Users\Asus\.gradle\native\30\windows-amd64\native-platform.dll
0x00007ffbb1f20000 - 0x00007ffbb1f2d000 	C:\Program Files\Android\Android Studio\jre\jre\bin\management.dll
0x00007ffbbd540000 - 0x00007ffbbd573000 	C:\WINDOWS\system32\rsaenh.dll
0x00007ffbbf180000 - 0x00007ffbbf1a6000 	C:\WINDOWS\System32\bcrypt.dll
0x00007ffbbe0e0000 - 0x00007ffbbe105000 	C:\WINDOWS\SYSTEM32\USERENV.dll
0x00007ffbbd6e0000 - 0x00007ffbbd71a000 	C:\WINDOWS\SYSTEM32\IPHLPAPI.DLL
0x00007ffbc0490000 - 0x00007ffbc0498000 	C:\WINDOWS\System32\NSI.dll
0x00007ffbafa10000 - 0x00007ffbafa26000 	C:\WINDOWS\SYSTEM32\dhcpcsvc6.DLL
0x00007ffbafa30000 - 0x00007ffbafa4c000 	C:\WINDOWS\SYSTEM32\dhcpcsvc.DLL
0x00007ffbbd720000 - 0x00007ffbbd7ea000 	C:\WINDOWS\SYSTEM32\DNSAPI.dll

VM Arguments:
jvm_args: -Xmx1536m -Dfile.encoding=windows-1251 -Duser.country=RU -Duser.language=ru -Duser.variant 
java_command: org.gradle.launcher.daemon.bootstrap.GradleDaemon 5.6.4
java_class_path (initial): C:\Users\Asus\.gradle\wrapper\dists\gradle-5.6.4-all\ankdp27end7byghfw1q2sw75f\gradle-5.6.4\lib\gradle-launcher-5.6.4.jar
Launcher Type: SUN_STANDARD

Environment Variables:
PATH=C:\Program Files (x86)\Python37-32\Scripts\;C:\Program Files (x86)\Python37-32\;C:\Program Files (x86)\Python36-32\Scripts\;C:\Program Files (x86)\Python36-32\;C:\WINDOWS\system32;C:\WINDOWS;C:\WINDOWS\System32\Wbem;C:\WINDOWS\System32\WindowsPowerShell\v1.0\;C:\WINDOWS\System32\OpenSSH\;C:\Program Files\dotnet\;C:\Program Files\Git\cmd;C:\Users\Asus\AppData\Local\Microsoft\WindowsApps;
USERNAME=Asus
OS=Windows_NT
PROCESSOR_IDENTIFIER=Intel64 Family 6 Model 76 Stepping 3, GenuineIntel



---------------  S Y S T E M  ---------------

OS: Windows 10.0 , 64 bit Build 18362 (10.0.18362.329)

CPU:total 4 (initial active 4) (4 cores per cpu, 1 threads per core) family 6 model 76 stepping 3, cmov, cx8, fxsr, mmx, sse, sse2, sse3, ssse3, sse4.1, sse4.2, popcnt, aes, clmul, erms, 3dnowpref, tsc, tscinvbit

Memory: 4k page, physical 3568588k(252120k free), swap 4032484k(6008k free)

vm_info: OpenJDK 64-Bit Server VM (25.212-b04) for windows-amd64 JRE (1.8.0_212-release-1586-b04), built by "builder" with MS VC++ 10.0 (VS2010)

time: Wed Mar 11 13:29:53 2020
timezone: Финляндия (зима)
elapsed time: 73 seconds (0d 0h 1m 13s)

