#
# There is insufficient memory for the Java Runtime Environment to continue.
# Native memory allocation (malloc) failed to allocate 1040016 bytes for Chunk::new
# Possible reasons:
#   The system is out of physical RAM or swap space
#   The process is running with CompressedOops enabled, and the Java Heap may be blocking the growth of the native heap
# Possible solutions:
#   Reduce memory load on the system
#   Increase physical memory or swap space
#   Check if swap backing store is full
#   Decrease Java heap size (-Xmx/-Xms)
#   Decrease number of Java threads
#   Decrease Java thread stack sizes (-Xss)
#   Set larger code cache with -XX:ReservedCodeCacheSize=
#   JVM is running with Unscaled Compressed Oops mode in which the Java heap is
#     placed in the first 4GB address space. The Java Heap base address is the
#     maximum limit for the native heap growth. Please use -XX:HeapBaseMinAddress
#     to set the Java Heap base and to place the Java Heap above 4GB virtual address.
# This output file may be truncated or incomplete.
#
#  Out of Memory Error (allocation.cpp:389), pid=5032, tid=0x00000000000007c8
#
# JRE version: OpenJDK Runtime Environment (8.0_212-b04) (build 1.8.0_212-release-1586-b04)
# Java VM: OpenJDK 64-Bit Server VM (25.212-b04 mixed mode windows-amd64 compressed oops)
# Failed to write core dump. Minidumps are not enabled by default on client versions of Windows
#

---------------  T H R E A D  ---------------

Current thread (0x00000000162d0800):  JavaThread "C2 CompilerThread1" daemon [_thread_in_native, id=1992, stack(0x0000000017a30000,0x0000000017b30000)]

Stack: [0x0000000017a30000,0x0000000017b30000]
[error occurred during error reporting (printing stack bounds), id 0xc0000005]

Native frames: (J=compiled Java code, j=interpreted, Vv=VM code, C=native code)


Current CompileTask:
C2: 258471 13221       4       com.sun.tools.javac.file.ZipFileIndex$ZipDirectory::readEntry (587 bytes)


---------------  P R O C E S S  ---------------

Java Threads: ( => current thread )
  0x0000000021a37800 JavaThread "Cache worker for Java compile cache (C:\Users\Asus\AndroidStudioProjects\MyApplication5\.gradle\5.6.4\javaCompile)" [_thread_blocked, id=6480, stack(0x0000000025500000,0x0000000025600000)]
  0x0000000021a30000 JavaThread "Cache worker for execution history cache (C:\Users\Asus\AndroidStudioProjects\MyApplication5\.gradle\5.6.4\executionHistory)" [_thread_blocked, id=2784, stack(0x0000000025300000,0x0000000025400000)]
  0x0000000021a33000 JavaThread "Execution worker for ':' Thread 3" [_thread_blocked, id=9036, stack(0x0000000025200000,0x0000000025300000)]
  0x0000000021a36800 JavaThread "Execution worker for ':' Thread 2" [_thread_in_native, id=3156, stack(0x0000000024f00000,0x0000000025000000)]
  0x000000001c6d9000 JavaThread "Execution worker for ':'" [_thread_blocked, id=4240, stack(0x0000000023890000,0x0000000023990000)]
  0x000000001c6d7800 JavaThread "Cache worker for file content cache (C:\Users\Asus\AndroidStudioProjects\MyApplication5\.gradle\5.6.4\fileContent)" [_thread_blocked, id=8304, stack(0x0000000023790000,0x0000000023890000)]
  0x000000001c6db000 JavaThread "Cache worker for Build Output Cleanup Cache (C:\Users\Asus\AndroidStudioProjects\MyApplication5\.gradle\buildOutputCleanup)" [_thread_blocked, id=5272, stack(0x0000000023490000,0x0000000023590000)]
  0x000000001c6d6800 JavaThread "Build operations Thread 4" [_thread_blocked, id=4664, stack(0x0000000023390000,0x0000000023490000)]
  0x000000001c6da800 JavaThread "Build operations Thread 3" [_thread_blocked, id=6292, stack(0x0000000023020000,0x0000000023120000)]
  0x000000001c6d5000 JavaThread "Build operations Thread 2" [_thread_blocked, id=6092, stack(0x0000000022d20000,0x0000000022e20000)]
  0x000000001c6d8000 JavaThread "Build operations" [_thread_blocked, id=5828, stack(0x0000000020f00000,0x0000000021000000)]
  0x000000001c6d6000 JavaThread "Cache worker for cache directory md-rule (C:\Users\Asus\.gradle\caches\5.6.4\md-rule)" [_thread_blocked, id=6548, stack(0x0000000020c00000,0x0000000020d00000)]
  0x000000001c6ce800 JavaThread "Cache worker for cache directory md-supplier (C:\Users\Asus\.gradle\caches\5.6.4\md-supplier)" [_thread_blocked, id=8828, stack(0x0000000020b00000,0x0000000020c00000)]
  0x000000001c6cd800 JavaThread "Cache worker for file hash cache (C:\Users\Asus\AndroidStudioProjects\MyApplication5\.gradle\5.6.4\fileHashes)" [_thread_blocked, id=4952, stack(0x00000000204c0000,0x00000000205c0000)]
  0x000000001c6d3000 JavaThread "Thread-83" [_thread_blocked, id=7436, stack(0x00000000203c0000,0x00000000204c0000)]
  0x000000001c6d4800 JavaThread "Stdin handler" [_thread_blocked, id=8812, stack(0x000000001ea00000,0x000000001eb00000)]
  0x000000001c6d3800 JavaThread "Asynchronous log dispatcher for DefaultDaemonConnection: socket connection from /127.0.0.1:49956 to /127.0.0.1:49990" [_thread_blocked, id=1004, stack(0x000000001bb60000,0x000000001bc60000)]
  0x000000001c6d0000 JavaThread "Cancel handler" [_thread_blocked, id=1304, stack(0x000000001b760000,0x000000001b860000)]
  0x000000001c6d0800 JavaThread "Handler for socket connection from /127.0.0.1:49956 to /127.0.0.1:49990" [_thread_in_native, id=7720, stack(0x000000001b460000,0x000000001b560000)]
  0x000000001c6d2000 JavaThread "Cache worker for Java compile cache (C:\Users\Asus\.gradle\caches\5.6.4\javaCompile)" [_thread_blocked, id=7844, stack(0x0000000025400000,0x0000000025500000)]
  0x0000000021a33800 JavaThread "Daemon worker Thread 2" [_thread_blocked, id=1456, stack(0x000000001b860000,0x000000001b960000)]
  0x0000000021a2f000 JavaThread "Daemon Thread 2" [_thread_blocked, id=4032, stack(0x000000001b360000,0x000000001b460000)]
  0x000000001ca4a800 JavaThread "Cache worker for file content cache (C:\Users\Asus\.gradle\caches\5.6.4\fileContent)" [_thread_blocked, id=7972, stack(0x0000000022c20000,0x0000000022d20000)]
  0x000000001ca4c800 JavaThread "Memory manager" [_thread_blocked, id=7396, stack(0x0000000000d80000,0x0000000000e80000)]
  0x000000001ca46000 JavaThread "Cache worker for execution history cache (C:\Users\Asus\.gradle\caches\5.6.4\executionHistory)" [_thread_blocked, id=6148, stack(0x0000000020600000,0x0000000020700000)]
  0x00000000162dc800 JavaThread "Cache worker for journal cache (C:\Users\Asus\.gradle\caches\journal-1)" [_thread_blocked, id=6596, stack(0x000000001c060000,0x000000001c160000)]
  0x00000000162d6000 JavaThread "File lock request listener" [_thread_in_native, id=8064, stack(0x000000001bf60000,0x000000001c060000)]
  0x00000000162db800 JavaThread "Cache worker for file hash cache (C:\Users\Asus\.gradle\caches\5.6.4\fileHashes)" [_thread_blocked, id=7440, stack(0x000000001bc60000,0x000000001bd60000)]
  0x00000000187b3000 JavaThread "Daemon periodic checks" [_thread_blocked, id=5092, stack(0x000000001b260000,0x000000001b360000)]
  0x00000000187b0000 JavaThread "Incoming local TCP Connector on port 49956" [_thread_in_native, id=4700, stack(0x000000001b010000,0x000000001b110000)]
  0x00000000199be000 JavaThread "Daemon health stats" [_thread_blocked, id=8112, stack(0x0000000019a00000,0x0000000019b00000)]
  0x000000001631e000 JavaThread "Service Thread" daemon [_thread_blocked, id=6492, stack(0x0000000018030000,0x0000000018130000)]
  0x00000000162da000 JavaThread "C1 CompilerThread2" daemon [_thread_blocked, id=7928, stack(0x0000000017b30000,0x0000000017c30000)]
=>0x00000000162d0800 JavaThread "C2 CompilerThread1" daemon [_thread_in_native, id=1992, stack(0x0000000017a30000,0x0000000017b30000)]
  0x00000000162c3800 JavaThread "C2 CompilerThread0" daemon [_thread_in_native, id=728, stack(0x0000000017930000,0x0000000017a30000)]
  0x00000000162c9000 JavaThread "Attach Listener" daemon [_thread_blocked, id=860, stack(0x0000000017830000,0x0000000017930000)]
  0x00000000162c6800 JavaThread "Signal Dispatcher" daemon [_thread_blocked, id=3984, stack(0x0000000017730000,0x0000000017830000)]
  0x000000000294b000 JavaThread "Finalizer" daemon [_thread_blocked, id=8152, stack(0x0000000017520000,0x0000000017620000)]
  0x00000000162a9000 JavaThread "Reference Handler" daemon [_thread_blocked, id=7492, stack(0x0000000017420000,0x0000000017520000)]
  0x0000000000a5d800 JavaThread "main" [_thread_blocked, id=7740, stack(0x0000000002670000,0x0000000002770000)]

Other Threads:
  0x0000000016286000 VMThread [stack: 0x0000000017320000,0x0000000017420000] [id=848]
  0x0000000017c6b800 WatcherThread [stack: 0x0000000018130000,0x0000000018230000] [id=4168]

VM state:not at safepoint (normal execution)

VM Mutex/Monitor currently owned by a thread: None

heap address: 0x00000000a0000000, size: 1536 MB, Compressed Oops mode: 32-bit
Narrow klass base: 0x0000000000000000, Narrow klass shift: 3
Compressed class space size: 1073741824 Address: 0x0000000100000000

Heap:
 PSYoungGen      total 130560K, used 121341K [0x00000000e0000000, 0x00000000e9d80000, 0x0000000100000000)
  eden space 113152K, 91% used [0x00000000e0000000,0x00000000e6586430,0x00000000e6e80000)
  from space 17408K, 99% used [0x00000000e8380000,0x00000000e94791f8,0x00000000e9480000)
  to   space 21504K, 0% used [0x00000000e6e80000,0x00000000e6e80000,0x00000000e8380000)
 ParOldGen       total 79360K, used 42361K [0x00000000a0000000, 0x00000000a4d80000, 0x00000000e0000000)
  object space 79360K, 53% used [0x00000000a0000000,0x00000000a295e478,0x00000000a4d80000)
 Metaspace       used 85243K, capacity 88864K, committed 89048K, reserved 1126400K
  class space    used 11407K, capacity 12143K, committed 12248K, reserved 1048576K

Card table byte_map: [0x0000000011d10000,0x0000000012020000] byte_map_base: 0x0000000011810000

Marking Bits: (ParMarkBitMap*) 0x0000000055ef9f30
 Begin Bits: [0x0000000012620000, 0x0000000013e20000)
 End Bits:   [0x0000000013e20000, 0x0000000015620000)

Polling page: 0x00000000005f0000

CodeCache: size=245760Kb used=35179Kb max_used=35191Kb free=210580Kb
 bounds [0x0000000002950000, 0x0000000004be0000, 0x0000000011950000]
 total_blobs=12113 nmethods=11239 adapters=783
 compilation: enabled

Compilation events (10 events):
Event: 258.338 Thread 0x00000000162da000 13262       3       com.sun.tools.javac.jvm.Target::MAX (4 bytes)
Event: 258.338 Thread 0x00000000162da000 nmethod 13262 0x0000000004baf9d0 code [0x0000000004bafb20, 0x0000000004bafc50]
Event: 258.338 Thread 0x00000000162da000 13263       3       com.sun.tools.javac.jvm.Target::MIN (4 bytes)
Event: 258.339 Thread 0x00000000162da000 nmethod 13263 0x0000000004174d10 code [0x0000000004174e60, 0x0000000004174f90]
Event: 258.354 Thread 0x00000000162da000 13264       3       java.util.Arrays::binarySearch0 (83 bytes)
Event: 258.355 Thread 0x00000000162da000 nmethod 13264 0x0000000004bc3f50 code [0x0000000004bc40e0, 0x0000000004bc45a8]
Event: 258.374 Thread 0x00000000162da000 13267       3       com.sun.tools.javac.file.JavacFileManager::list (94 bytes)
Event: 258.378 Thread 0x00000000162da000 nmethod 13267 0x0000000004bc4b10 code [0x0000000004bc4e00, 0x0000000004bc6518]
Event: 258.387 Thread 0x00000000162c3800 nmethod 13248 0x0000000004bc9b50 code [0x0000000004bca000, 0x0000000004bcbab8]
Event: 258.387 Thread 0x00000000162c3800 13259       4       com.sun.tools.javac.code.Scope::enter (22 bytes)

GC Heap History (10 events):
Event: 74.600 GC heap before
{Heap before GC invocations=23 (full 3):
 PSYoungGen      total 94208K, used 83456K [0x00000000e0000000, 0x00000000e7980000, 0x0000000100000000)
  eden space 83456K, 100% used [0x00000000e0000000,0x00000000e5180000,0x00000000e5180000)
  from space 10752K, 0% used [0x00000000e5180000,0x00000000e5180000,0x00000000e5c00000)
  to   space 11264K, 0% used [0x00000000e6e80000,0x00000000e6e80000,0x00000000e7980000)
 ParOldGen       total 79360K, used 32733K [0x00000000a0000000, 0x00000000a4d80000, 0x00000000e0000000)
  object space 79360K, 41% used [0x00000000a0000000,0x00000000a1ff7710,0x00000000a4d80000)
 Metaspace       used 59588K, capacity 61574K, committed 61784K, reserved 1101824K
  class space    used 8213K, capacity 8688K, committed 8792K, reserved 1048576K
Event: 74.636 GC heap after
Heap after GC invocations=23 (full 3):
 PSYoungGen      total 107008K, used 11260K [0x00000000e0000000, 0x00000000e7980000, 0x0000000100000000)
  eden space 95744K, 0% used [0x00000000e0000000,0x00000000e0000000,0x00000000e5d80000)
  from space 11264K, 99% used [0x00000000e6e80000,0x00000000e797f218,0x00000000e7980000)
  to   space 13312K, 0% used [0x00000000e5f80000,0x00000000e5f80000,0x00000000e6c80000)
 ParOldGen       total 79360K, used 33243K [0x00000000a0000000, 0x00000000a4d80000, 0x00000000e0000000)
  object space 79360K, 41% used [0x00000000a0000000,0x00000000a2076d00,0x00000000a4d80000)
 Metaspace       used 59588K, capacity 61574K, committed 61784K, reserved 1101824K
  class space    used 8213K, capacity 8688K, committed 8792K, reserved 1048576K
}
Event: 118.703 GC heap before
{Heap before GC invocations=24 (full 3):
 PSYoungGen      total 107008K, used 107004K [0x00000000e0000000, 0x00000000e7980000, 0x0000000100000000)
  eden space 95744K, 100% used [0x00000000e0000000,0x00000000e5d80000,0x00000000e5d80000)
  from space 11264K, 99% used [0x00000000e6e80000,0x00000000e797f218,0x00000000e7980000)
  to   space 13312K, 0% used [0x00000000e5f80000,0x00000000e5f80000,0x00000000e6c80000)
 ParOldGen       total 79360K, used 33243K [0x00000000a0000000, 0x00000000a4d80000, 0x00000000e0000000)
  object space 79360K, 41% used [0x00000000a0000000,0x00000000a2076d00,0x00000000a4d80000)
 Metaspace       used 66598K, capacity 68870K, committed 69080K, reserved 1110016K
  class space    used 8918K, capacity 9420K, committed 9432K, reserved 1048576K
Event: 118.781 GC heap after
Heap after GC invocations=24 (full 3):
 PSYoungGen      total 111104K, used 9861K [0x00000000e0000000, 0x00000000e8480000, 0x0000000100000000)
  eden space 97792K, 0% used [0x00000000e0000000,0x00000000e0000000,0x00000000e5f80000)
  from space 13312K, 74% used [0x00000000e5f80000,0x00000000e6921788,0x00000000e6c80000)
  to   space 13824K, 0% used [0x00000000e7700000,0x00000000e7700000,0x00000000e8480000)
 ParOldGen       total 79360K, used 37467K [0x00000000a0000000, 0x00000000a4d80000, 0x00000000e0000000)
  object space 79360K, 47% used [0x00000000a0000000,0x00000000a2496f98,0x00000000a4d80000)
 Metaspace       used 66598K, capacity 68870K, committed 69080K, reserved 1110016K
  class space    used 8918K, capacity 9420K, committed 9432K, reserved 1048576K
}
Event: 127.408 GC heap before
{Heap before GC invocations=25 (full 3):
 PSYoungGen      total 111104K, used 107653K [0x00000000e0000000, 0x00000000e8480000, 0x0000000100000000)
  eden space 97792K, 100% used [0x00000000e0000000,0x00000000e5f80000,0x00000000e5f80000)
  from space 13312K, 74% used [0x00000000e5f80000,0x00000000e6921788,0x00000000e6c80000)
  to   space 13824K, 0% used [0x00000000e7700000,0x00000000e7700000,0x00000000e8480000)
 ParOldGen       total 79360K, used 37467K [0x00000000a0000000, 0x00000000a4d80000, 0x00000000e0000000)
  object space 79360K, 47% used [0x00000000a0000000,0x00000000a2496f98,0x00000000a4d80000)
 Metaspace       used 68191K, capacity 70482K, committed 70744K, reserved 1110016K
  class space    used 8993K, capacity 9468K, committed 9560K, reserved 1048576K
Event: 127.441 GC heap after
Heap after GC invocations=25 (full 3):
 PSYoungGen      total 120832K, used 11160K [0x00000000e0000000, 0x00000000e8800000, 0x0000000100000000)
  eden space 107008K, 0% used [0x00000000e0000000,0x00000000e0000000,0x00000000e6880000)
  from space 13824K, 80% used [0x00000000e7700000,0x00000000e81e6198,0x00000000e8480000)
  to   space 14848K, 0% used [0x00000000e6880000,0x00000000e6880000,0x00000000e7700000)
 ParOldGen       total 79360K, used 37475K [0x00000000a0000000, 0x00000000a4d80000, 0x00000000e0000000)
  object space 79360K, 47% used [0x00000000a0000000,0x00000000a2498f98,0x00000000a4d80000)
 Metaspace       used 68191K, capacity 70482K, committed 70744K, reserved 1110016K
  class space    used 8993K, capacity 9468K, committed 9560K, reserved 1048576K
}
Event: 200.687 GC heap before
{Heap before GC invocations=26 (full 3):
 PSYoungGen      total 120832K, used 118168K [0x00000000e0000000, 0x00000000e8800000, 0x0000000100000000)
  eden space 107008K, 100% used [0x00000000e0000000,0x00000000e6880000,0x00000000e6880000)
  from space 13824K, 80% used [0x00000000e7700000,0x00000000e81e6198,0x00000000e8480000)
  to   space 14848K, 0% used [0x00000000e6880000,0x00000000e6880000,0x00000000e7700000)
 ParOldGen       total 79360K, used 37475K [0x00000000a0000000, 0x00000000a4d80000, 0x00000000e0000000)
  object space 79360K, 47% used [0x00000000a0000000,0x00000000a2498f98,0x00000000a4d80000)
 Metaspace       used 71776K, capacity 74384K, committed 74712K, reserved 1114112K
  class space    used 9535K, capacity 10105K, committed 10200K, reserved 1048576K
Event: 200.731 GC heap after
Heap after GC invocations=26 (full 3):
 PSYoungGen      total 121856K, used 14836K [0x00000000e0000000, 0x00000000e9480000, 0x0000000100000000)
  eden space 107008K, 0% used [0x00000000e0000000,0x00000000e0000000,0x00000000e6880000)
  from space 14848K, 99% used [0x00000000e6880000,0x00000000e76fd3a8,0x00000000e7700000)
  to   space 17408K, 0% used [0x00000000e8380000,0x00000000e8380000,0x00000000e9480000)
 ParOldGen       total 79360K, used 37483K [0x00000000a0000000, 0x00000000a4d80000, 0x00000000e0000000)
  object space 79360K, 47% used [0x00000000a0000000,0x00000000a249af98,0x00000000a4d80000)
 Metaspace       used 71776K, capacity 74384K, committed 74712K, reserved 1114112K
  class space    used 9535K, capacity 10105K, committed 10200K, reserved 1048576K
}
Event: 210.307 GC heap before
{Heap before GC invocations=27 (full 3):
 PSYoungGen      total 121856K, used 121844K [0x00000000e0000000, 0x00000000e9480000, 0x0000000100000000)
  eden space 107008K, 100% used [0x00000000e0000000,0x00000000e6880000,0x00000000e6880000)
  from space 14848K, 99% used [0x00000000e6880000,0x00000000e76fd3a8,0x00000000e7700000)
  to   space 17408K, 0% used [0x00000000e8380000,0x00000000e8380000,0x00000000e9480000)
 ParOldGen       total 79360K, used 37483K [0x00000000a0000000, 0x00000000a4d80000, 0x00000000e0000000)
  object space 79360K, 47% used [0x00000000a0000000,0x00000000a249af98,0x00000000a4d80000)
 Metaspace       used 82579K, capacity 85552K, committed 85720K, reserved 1124352K
  class space    used 11056K, capacity 11683K, committed 11736K, reserved 1048576K
Event: 210.375 GC heap after
Heap after GC invocations=27 (full 3):
 PSYoungGen      total 130560K, used 17380K [0x00000000e0000000, 0x00000000e9d80000, 0x0000000100000000)
  eden space 113152K, 0% used [0x00000000e0000000,0x00000000e0000000,0x00000000e6e80000)
  from space 17408K, 99% used [0x00000000e8380000,0x00000000e94791f8,0x00000000e9480000)
  to   space 21504K, 0% used [0x00000000e6e80000,0x00000000e6e80000,0x00000000e8380000)
 ParOldGen       total 79360K, used 42361K [0x00000000a0000000, 0x00000000a4d80000, 0x00000000e0000000)
  object space 79360K, 53% used [0x00000000a0000000,0x00000000a295e478,0x00000000a4d80000)
 Metaspace       used 82579K, capacity 85552K, committed 85720K, reserved 1124352K
  class space    used 11056K, capacity 11683K, committed 11736K, reserved 1048576K
}

Deoptimization events (10 events):
Event: 253.444 Thread 0x0000000021a33800 Uncommon trap: reason=array_check action=maybe_recompile pc=0x00000000044dbde8 method=com.google.common.collect.ImmutableSet.construct(I[Ljava/lang/Object;)Lcom/google/common/collect/ImmutableSet; @ 122
Event: 255.570 Thread 0x0000000021a33800 Uncommon trap: reason=class_check action=maybe_recompile pc=0x0000000004a79960 method=java.util.Spliterators$ArraySpliterator.tryAdvance(Ljava/util/function/Consumer;)Z @ 49
Event: 255.831 Thread 0x0000000021a33800 Uncommon trap: reason=class_check action=maybe_recompile pc=0x0000000004a79960 method=java.util.Spliterators$ArraySpliterator.tryAdvance(Ljava/util/function/Consumer;)Z @ 49
Event: 257.908 Thread 0x0000000021a36800 Uncommon trap: reason=unstable_if action=reinterpret pc=0x00000000034f54a0 method=java.lang.StringCoding$StringDecoder.decode([BII)[C @ 20
Event: 257.952 Thread 0x0000000021a36800 Uncommon trap: reason=array_check action=maybe_recompile pc=0x0000000004690378 method=java.util.ComparableTimSort.binarySort([Ljava/lang/Object;III)V @ 193
Event: 257.952 Thread 0x0000000021a36800 Uncommon trap: reason=array_check action=maybe_recompile pc=0x0000000004690284 method=java.util.ComparableTimSort.binarySort([Ljava/lang/Object;III)V @ 215
Event: 257.953 Thread 0x0000000021a36800 Uncommon trap: reason=array_check action=maybe_recompile pc=0x0000000004690284 method=java.util.ComparableTimSort.binarySort([Ljava/lang/Object;III)V @ 215
Event: 257.953 Thread 0x0000000021a36800 Uncommon trap: reason=array_check action=maybe_recompile pc=0x0000000004690284 method=java.util.ComparableTimSort.binarySort([Ljava/lang/Object;III)V @ 215
Event: 257.965 Thread 0x0000000021a36800 Uncommon trap: reason=array_check action=maybe_recompile pc=0x0000000003445738 method=java.util.ComparableTimSort.binarySort([Ljava/lang/Object;III)V @ 183
Event: 257.965 Thread 0x0000000021a36800 Uncommon trap: reason=array_check action=maybe_recompile pc=0x0000000003445738 method=java.util.ComparableTimSort.binarySort([Ljava/lang/Object;III)V @ 183

Classes redefined (0 events):
No events

Internal exceptions (10 events):
Event: 210.013 Thread 0x000000001c6d4800 Exception <a 'java/lang/NoSuchMethodError': java.lang.Object.lambda$maxBy$1(Ljava/util/Comparator;Ljava/lang/Object;Ljava/lang/Object;)Ljava/lang/Object;> (0x00000000e6505818) thrown at [D:\src\AOSP-openjdk-cygwin\jdk8u\hotspot\src\share\vm\interpreter\li
Event: 210.378 Thread 0x000000001c6d4800 Implicit null exception at 0x0000000003edd265 to 0x0000000003ee0d05
Event: 211.075 Thread 0x000000001c6d4800 Exception <a 'sun/nio/fs/WindowsException'> (0x00000000e0759430) thrown at [D:\src\AOSP-openjdk-cygwin\jdk8u\hotspot\src\share\vm\prims\jni.cpp, line 710]
Event: 211.194 Thread 0x0000000021a3c800 Exception <a 'java/lang/NoSuchMethodError': <clinit>> (0x00000000e09891a0) thrown at [D:\src\AOSP-openjdk-cygwin\jdk8u\hotspot\src\share\vm\prims\jni.cpp, line 1614]
Event: 211.460 Thread 0x000000001c6d3000 Exception <a 'sun/nio/fs/WindowsException'> (0x00000000e0d62be8) thrown at [D:\src\AOSP-openjdk-cygwin\jdk8u\hotspot\src\share\vm\prims\jni.cpp, line 710]
Event: 211.660 Thread 0x000000001c6ce800 Implicit null exception at 0x0000000002aa7eef to 0x0000000002aa7fe1
Event: 211.660 Thread 0x000000001c6d6800 Implicit null exception at 0x0000000002aa7eef to 0x0000000002aa7fe1
Event: 212.509 Thread 0x000000001c6d6000 Exception <a 'sun/nio/fs/WindowsException'> (0x00000000e16caac8) thrown at [D:\src\AOSP-openjdk-cygwin\jdk8u\hotspot\src\share\vm\prims\jni.cpp, line 710]
Event: 212.631 Thread 0x0000000021a3c800 Exception <a 'java/lang/NoSuchMethodError': <clinit>> (0x00000000e173a5a8) thrown at [D:\src\AOSP-openjdk-cygwin\jdk8u\hotspot\src\share\vm\prims\jni.cpp, line 1614]
Event: 213.300 Thread 0x0000000021a33800 Exception <a 'sun/nio/fs/WindowsException'> (0x00000000e1b86e38) thrown at [D:\src\AOSP-openjdk-cygwin\jdk8u\hotspot\src\share\vm\prims\jni.cpp, line 710]

Events (10 events):
Event: 258.002 Thread 0x0000000021a36800 DEOPT PACKING pc=0x000000000467ada2 sp=0x0000000024ffa3d0
Event: 258.002 Thread 0x0000000021a36800 DEOPT UNPACKING pc=0x00000000029971d0 sp=0x0000000024ffa1f8 mode 0
Event: 258.010 Thread 0x0000000021a36800 DEOPT PACKING pc=0x000000000467ada2 sp=0x0000000024ffa3d0
Event: 258.010 Thread 0x0000000021a36800 DEOPT UNPACKING pc=0x00000000029971d0 sp=0x0000000024ffa1f8 mode 0
Event: 258.032 Thread 0x0000000021a36800 DEOPT PACKING pc=0x000000000467ada2 sp=0x0000000024ffa3d0
Event: 258.032 Thread 0x0000000021a36800 DEOPT UNPACKING pc=0x00000000029971d0 sp=0x0000000024ffa1f8 mode 0
Event: 258.037 Thread 0x0000000021a36800 DEOPT PACKING pc=0x000000000467ada2 sp=0x0000000024ffa3d0
Event: 258.037 Thread 0x0000000021a36800 DEOPT UNPACKING pc=0x00000000029971d0 sp=0x0000000024ffa1f8 mode 0
Event: 258.046 Thread 0x0000000021a36800 DEOPT PACKING pc=0x000000000467ada2 sp=0x0000000024ffa3d0
Event: 258.046 Thread 0x0000000021a36800 DEOPT UNPACKING pc=0x00000000029971d0 sp=0x0000000024ffa1f8 mode 0


Dynamic libraries:
0x00007ff70bdb0000 - 0x00007ff70bde1000 	C:\Program Files\Android\Android Studio\jre\bin\java.exe
0x00007ffedd5a0000 - 0x00007ffedd790000 	C:\WINDOWS\SYSTEM32\ntdll.dll
0x00007ffedc9f0000 - 0x00007ffedcaa2000 	C:\WINDOWS\System32\KERNEL32.DLL
0x00007ffeda750000 - 0x00007ffeda9f3000 	C:\WINDOWS\System32\KERNELBASE.dll
0x00007ffedd480000 - 0x00007ffedd523000 	C:\WINDOWS\System32\ADVAPI32.dll
0x00007ffedd060000 - 0x00007ffedd0fe000 	C:\WINDOWS\System32\msvcrt.dll
0x00007ffedc550000 - 0x00007ffedc5e7000 	C:\WINDOWS\System32\sechost.dll
0x00007ffedb730000 - 0x00007ffedb850000 	C:\WINDOWS\System32\RPCRT4.dll
0x00007ffedd100000 - 0x00007ffedd294000 	C:\WINDOWS\System32\USER32.dll
0x00007ffedadf0000 - 0x00007ffedae11000 	C:\WINDOWS\System32\win32u.dll
0x00007ffedd2a0000 - 0x00007ffedd2c6000 	C:\WINDOWS\System32\GDI32.dll
0x00007ffeda5b0000 - 0x00007ffeda744000 	C:\WINDOWS\System32\gdi32full.dll
0x00007ffedad50000 - 0x00007ffedadee000 	C:\WINDOWS\System32\msvcp_win.dll
0x00007ffedaa80000 - 0x00007ffedab7a000 	C:\WINDOWS\System32\ucrtbase.dll
0x00007ffec5910000 - 0x00007ffec5b95000 	C:\WINDOWS\WinSxS\amd64_microsoft.windows.common-controls_6595b64144ccf1df_6.0.18362.657_none_e6c5b579130e3898\COMCTL32.dll
0x00007ffedb9f0000 - 0x00007ffedbd26000 	C:\WINDOWS\System32\combase.dll
0x00007ffedb5a0000 - 0x00007ffedb620000 	C:\WINDOWS\System32\bcryptPrimitives.dll
0x00007ffedc730000 - 0x00007ffedc75e000 	C:\WINDOWS\System32\IMM32.DLL
0x0000000055570000 - 0x0000000055642000 	C:\Program Files\Android\Android Studio\jre\jre\bin\msvcr100.dll
0x0000000055730000 - 0x0000000055f76000 	C:\Program Files\Android\Android Studio\jre\jre\bin\server\jvm.dll
0x00007ffedb980000 - 0x00007ffedb988000 	C:\WINDOWS\System32\PSAPI.DLL
0x00007ffed8270000 - 0x00007ffed8294000 	C:\WINDOWS\SYSTEM32\WINMM.dll
0x00007ffed8f50000 - 0x00007ffed8f59000 	C:\WINDOWS\SYSTEM32\WSOCK32.dll
0x00007ffeccac0000 - 0x00007ffeccaca000 	C:\WINDOWS\SYSTEM32\VERSION.dll
0x00007ffedc6c0000 - 0x00007ffedc72f000 	C:\WINDOWS\System32\WS2_32.dll
0x00007ffed8240000 - 0x00007ffed826d000 	C:\WINDOWS\SYSTEM32\winmmbase.dll
0x00007ffedaa30000 - 0x00007ffedaa7a000 	C:\WINDOWS\System32\cfgmgr32.dll
0x00007ffec8c40000 - 0x00007ffec8c4f000 	C:\Program Files\Android\Android Studio\jre\jre\bin\verify.dll
0x00007ffec8c10000 - 0x00007ffec8c39000 	C:\Program Files\Android\Android Studio\jre\jre\bin\java.dll
0x00007ffec8b90000 - 0x00007ffec8ba6000 	C:\Program Files\Android\Android Studio\jre\jre\bin\zip.dll
0x00007ffedbdf0000 - 0x00007ffedc4d5000 	C:\WINDOWS\System32\SHELL32.dll
0x00007ffedbd30000 - 0x00007ffedbdd9000 	C:\WINDOWS\System32\shcore.dll
0x00007ffedae20000 - 0x00007ffedb59f000 	C:\WINDOWS\System32\windows.storage.dll
0x00007ffeda4e0000 - 0x00007ffeda4ff000 	C:\WINDOWS\System32\profapi.dll
0x00007ffeda490000 - 0x00007ffeda4da000 	C:\WINDOWS\System32\powrprof.dll
0x00007ffeda440000 - 0x00007ffeda450000 	C:\WINDOWS\System32\UMPDC.dll
0x00007ffedb990000 - 0x00007ffedb9e2000 	C:\WINDOWS\System32\shlwapi.dll
0x00007ffeda470000 - 0x00007ffeda481000 	C:\WINDOWS\System32\kernel.appcore.dll
0x00007ffedabe0000 - 0x00007ffedabf7000 	C:\WINDOWS\System32\cryptsp.dll
0x00007ffeb93f0000 - 0x00007ffeb940a000 	C:\Program Files\Android\Android Studio\jre\jre\bin\net.dll
0x00007ffecec40000 - 0x00007ffecee16000 	C:\WINDOWS\SYSTEM32\urlmon.dll
0x00007ffecef40000 - 0x00007ffecf1e6000 	C:\WINDOWS\SYSTEM32\iertutil.dll
0x00007ffed9e20000 - 0x00007ffed9e2c000 	C:\WINDOWS\SYSTEM32\CRYPTBASE.DLL
0x00007ffed9c50000 - 0x00007ffed9cb7000 	C:\WINDOWS\system32\mswsock.dll
0x00007ffeb91b0000 - 0x00007ffeb91c3000 	C:\Program Files\Android\Android Studio\jre\jre\bin\nio.dll
0x00007ffeca340000 - 0x00007ffeca366000 	C:\Users\Asus\.gradle\native\30\windows-amd64\native-platform.dll
0x00007ffebd760000 - 0x00007ffebd76d000 	C:\Program Files\Android\Android Studio\jre\jre\bin\management.dll
0x00007ffed97c0000 - 0x00007ffed97f3000 	C:\WINDOWS\system32\rsaenh.dll
0x00007ffedaa00000 - 0x00007ffedaa26000 	C:\WINDOWS\System32\bcrypt.dll
0x00007ffeda360000 - 0x00007ffeda385000 	C:\WINDOWS\SYSTEM32\USERENV.dll
0x00007ffed9960000 - 0x00007ffed999a000 	C:\WINDOWS\SYSTEM32\IPHLPAPI.DLL
0x00007ffedb720000 - 0x00007ffedb728000 	C:\WINDOWS\System32\NSI.dll
0x00007ffecb1f0000 - 0x00007ffecb206000 	C:\WINDOWS\SYSTEM32\dhcpcsvc6.DLL
0x00007ffecb1d0000 - 0x00007ffecb1ec000 	C:\WINDOWS\SYSTEM32\dhcpcsvc.DLL
0x00007ffed99a0000 - 0x00007ffed9a6a000 	C:\WINDOWS\SYSTEM32\DNSAPI.dll

VM Arguments:
jvm_args: -Xmx1536m -Dfile.encoding=windows-1251 -Duser.country=RU -Duser.language=ru -Duser.variant 
java_command: org.gradle.launcher.daemon.bootstrap.GradleDaemon 5.6.4
java_class_path (initial): C:\Users\Asus\.gradle\wrapper\dists\gradle-5.6.4-all\ankdp27end7byghfw1q2sw75f\gradle-5.6.4\lib\gradle-launcher-5.6.4.jar
Launcher Type: SUN_STANDARD

Environment Variables:
PATH=C:\Program Files (x86)\Python37-32\Scripts\;C:\Program Files (x86)\Python37-32\;C:\Program Files (x86)\Python36-32\Scripts\;C:\Program Files (x86)\Python36-32\;C:\WINDOWS\system32;C:\WINDOWS;C:\WINDOWS\System32\Wbem;C:\WINDOWS\System32\WindowsPowerShell\v1.0\;C:\WINDOWS\System32\OpenSSH\;C:\Program Files\dotnet\;C:\Program Files\Git\cmd;C:\Users\Asus\AppData\Local\Microsoft\WindowsApps;
USERNAME=Asus
OS=Windows_NT
PROCESSOR_IDENTIFIER=Intel64 Family 6 Model 76 Stepping 3, GenuineIntel



---------------  S Y S T E M  ---------------

OS: Windows 10.0 , 64 bit Build 18362 (10.0.18362.329)

CPU:total 4 (initial active 4) (4 cores per cpu, 1 threads per core) family 6 model 76 stepping 3, cmov, cx8, fxsr, mmx, sse, sse2, sse3, ssse3, sse4.1, sse4.2, popcnt, aes, clmul, erms, 3dnowpref, tsc, tscinvbit

Memory: 4k page, physical 3568588k(272060k free), swap 3568588k(4252k free)

vm_info: OpenJDK 64-Bit Server VM (25.212-b04) for windows-amd64 JRE (1.8.0_212-release-1586-b04), built by "builder" with MS VC++ 10.0 (VS2010)

time: Wed Mar 11 14:04:01 2020
timezone: Финляндия (зима)
elapsed time: 258 seconds (0d 0h 4m 18s)

