#
# There is insufficient memory for the Java Runtime Environment to continue.
# Native memory allocation (malloc) failed to allocate 32744 bytes for ChunkPool::allocate
# Possible reasons:
#   The system is out of physical RAM or swap space
#   The process is running with CompressedOops enabled, and the Java Heap may be blocking the growth of the native heap
# Possible solutions:
#   Reduce memory load on the system
#   Increase physical memory or swap space
#   Check if swap backing store is full
#   Decrease Java heap size (-Xmx/-Xms)
#   Decrease number of Java threads
#   Decrease Java thread stack sizes (-Xss)
#   Set larger code cache with -XX:ReservedCodeCacheSize=
#   JVM is running with Unscaled Compressed Oops mode in which the Java heap is
#     placed in the first 4GB address space. The Java Heap base address is the
#     maximum limit for the native heap growth. Please use -XX:HeapBaseMinAddress
#     to set the Java Heap base and to place the Java Heap above 4GB virtual address.
# This output file may be truncated or incomplete.
#
#  Out of Memory Error (allocation.cpp:272), pid=8540, tid=0x0000000000002044
#
# JRE version: OpenJDK Runtime Environment (8.0_212-b04) (build 1.8.0_212-release-1586-b04)
# Java VM: OpenJDK 64-Bit Server VM (25.212-b04 mixed mode windows-amd64 compressed oops)
# Failed to write core dump. Minidumps are not enabled by default on client versions of Windows
#

---------------  T H R E A D  ---------------

Current thread (0x0000000016953800):  JavaThread "C2 CompilerThread1" daemon [_thread_in_native, id=8260, stack(0x00000000180b0000,0x00000000181b0000)]

Stack: [0x00000000180b0000,0x00000000181b0000]
[error occurred during error reporting (printing stack bounds), id 0xc0000005]

Native frames: (J=compiled Java code, j=interpreted, Vv=VM code, C=native code)


Current CompileTask:
C2:  54526 5809   !   4       java.net.URLClassLoader$1::run (63 bytes)


---------------  P R O C E S S  ---------------

Java Threads: ( => current thread )
  0x000000001da6b000 JavaThread "Execution worker for ':' Thread 3" [_thread_in_Java, id=7016, stack(0x0000000023df0000,0x0000000023ef0000)]
  0x000000001da68800 JavaThread "Execution worker for ':' Thread 2" [_thread_blocked, id=2848, stack(0x0000000023cf0000,0x0000000023df0000)]
  0x000000001da68000 JavaThread "Execution worker for ':'" [_thread_in_vm, id=9148, stack(0x0000000023980000,0x0000000023a80000)]
  0x000000001da66800 JavaThread "Cache worker for file content cache (C:\Users\Asus\AndroidStudioProjects\MyApplication5\.gradle\5.6.4\fileContent)" [_thread_blocked, id=6496, stack(0x0000000023680000,0x0000000023780000)]
  0x000000001fdbd000 JavaThread "Cache worker for file content cache (C:\Users\Asus\.gradle\caches\5.6.4\fileContent)" [_thread_blocked, id=1280, stack(0x0000000023580000,0x0000000023680000)]
  0x000000001fdbe800 JavaThread "Memory manager" [_thread_blocked, id=5808, stack(0x0000000022c60000,0x0000000022d60000)]
  0x000000001fdb9000 JavaThread "Cache worker for Build Output Cleanup Cache (C:\Users\Asus\AndroidStudioProjects\MyApplication5\.gradle\buildOutputCleanup)" [_thread_blocked, id=7908, stack(0x0000000021320000,0x0000000021420000)]
  0x000000001fdba000 JavaThread "Build operations Thread 4" [_thread_blocked, id=7052, stack(0x0000000021020000,0x0000000021120000)]
  0x000000001fdbf000 JavaThread "Build operations Thread 3" [_thread_blocked, id=7976, stack(0x0000000020f20000,0x0000000021020000)]
  0x000000001fdbd800 JavaThread "Build operations Thread 2" [_thread_blocked, id=3944, stack(0x0000000020e20000,0x0000000020f20000)]
  0x000000001fdba800 JavaThread "Build operations" [_thread_blocked, id=7376, stack(0x0000000020d20000,0x0000000020e20000)]
  0x0000000018f17000 JavaThread "Cache worker for execution history cache (C:\Users\Asus\.gradle\caches\5.6.4\executionHistory)" [_thread_in_Java, id=7472, stack(0x0000000020a20000,0x0000000020b20000)]
  0x0000000018f14800 JavaThread "Cache worker for cache directory md-rule (C:\Users\Asus\.gradle\caches\5.6.4\md-rule)" [_thread_blocked, id=5608, stack(0x0000000020920000,0x0000000020a20000)]
  0x0000000018f1b800 JavaThread "Cache worker for cache directory md-supplier (C:\Users\Asus\.gradle\caches\5.6.4\md-supplier)" [_thread_blocked, id=9196, stack(0x0000000020820000,0x0000000020920000)]
  0x0000000018f18800 JavaThread "Cache worker for file hash cache (C:\Users\Asus\AndroidStudioProjects\MyApplication5\.gradle\5.6.4\fileHashes)" [_thread_blocked, id=8032, stack(0x000000001ea80000,0x000000001eb80000)]
  0x0000000018f1a000 JavaThread "Cache worker for journal cache (C:\Users\Asus\.gradle\caches\journal-1)" [_thread_blocked, id=6896, stack(0x000000001c6e0000,0x000000001c7e0000)]
  0x0000000018f15800 JavaThread "File lock request listener" [_thread_in_native, id=6520, stack(0x000000001c5e0000,0x000000001c6e0000)]
  0x0000000018de7800 JavaThread "Cache worker for file hash cache (C:\Users\Asus\.gradle\caches\5.6.4\fileHashes)" [_thread_blocked, id=6096, stack(0x000000001c2e0000,0x000000001c3e0000)]
  0x0000000018f27000 JavaThread "Thread-9" [_thread_blocked, id=5852, stack(0x000000001c1e0000,0x000000001c2e0000)]
  0x0000000018f26800 JavaThread "Stdin handler" [_thread_blocked, id=2308, stack(0x000000001c0e0000,0x000000001c1e0000)]
  0x0000000019407800 JavaThread "Asynchronous log dispatcher for DefaultDaemonConnection: socket connection from /127.0.0.1:50007 to /127.0.0.1:50008" [_thread_blocked, id=2296, stack(0x000000001bfe0000,0x000000001c0e0000)]
  0x00000000193f5800 JavaThread "Daemon worker" [_thread_in_native, id=5772, stack(0x000000001bee0000,0x000000001bfe0000)]
  0x00000000193f5000 JavaThread "Cancel handler" [_thread_blocked, id=7252, stack(0x000000001bde0000,0x000000001bee0000)]
  0x00000000194bc800 JavaThread "Handler for socket connection from /127.0.0.1:50007 to /127.0.0.1:50008" [_thread_in_native, id=4144, stack(0x000000001bae0000,0x000000001bbe0000)]
  0x00000000194bb000 JavaThread "Daemon" [_thread_blocked, id=5496, stack(0x000000001b9e0000,0x000000001bae0000)]
  0x00000000185cc800 JavaThread "Daemon periodic checks" [_thread_blocked, id=8092, stack(0x000000001b8e0000,0x000000001b9e0000)]
  0x000000001a456000 JavaThread "Incoming local TCP Connector on port 50007" [_thread_in_native, id=1976, stack(0x000000001b690000,0x000000001b790000)]
  0x000000001a403000 JavaThread "Daemon health stats" [_thread_blocked, id=7832, stack(0x000000001b050000,0x000000001b150000)]
  0x000000001699a000 JavaThread "Service Thread" daemon [_thread_blocked, id=4076, stack(0x00000000186b0000,0x00000000187b0000)]
  0x0000000016983800 JavaThread "C1 CompilerThread2" daemon [_thread_in_native, id=2428, stack(0x00000000181b0000,0x00000000182b0000)]
=>0x0000000016953800 JavaThread "C2 CompilerThread1" daemon [_thread_in_native, id=8260, stack(0x00000000180b0000,0x00000000181b0000)]
  0x0000000016948000 JavaThread "C2 CompilerThread0" daemon [_thread_in_native, id=6356, stack(0x0000000017fb0000,0x00000000180b0000)]
  0x0000000016947800 JavaThread "Attach Listener" daemon [_thread_blocked, id=5684, stack(0x0000000017eb0000,0x0000000017fb0000)]
  0x0000000016945000 JavaThread "Signal Dispatcher" daemon [_thread_blocked, id=3192, stack(0x0000000017db0000,0x0000000017eb0000)]
  0x0000000002ede800 JavaThread "Finalizer" daemon [_thread_blocked, id=4456, stack(0x0000000017ba0000,0x0000000017ca0000)]
  0x0000000016929000 JavaThread "Reference Handler" daemon [_thread_blocked, id=4228, stack(0x0000000017aa0000,0x0000000017ba0000)]
  0x0000000002fcd800 JavaThread "main" [_thread_blocked, id=4212, stack(0x0000000001510000,0x0000000001610000)]

Other Threads:
  0x0000000016906000 VMThread [stack: 0x00000000179a0000,0x0000000017aa0000] [id=7192]
  0x000000001699b800 WatcherThread [stack: 0x00000000187b0000,0x00000000188b0000] [id=2488]

VM state:not at safepoint (normal execution)

VM Mutex/Monitor currently owned by a thread: None

heap address: 0x00000000a0000000, size: 1536 MB, Compressed Oops mode: 32-bit
Narrow klass base: 0x0000000000000000, Narrow klass shift: 3
Compressed class space size: 1073741824 Address: 0x0000000100000000

Heap:
 PSYoungGen      total 158208K, used 16661K [0x00000000e0000000, 0x00000000eb180000, 0x0000000100000000)
  eden space 140288K, 11% used [0x00000000e0000000,0x00000000e1045788,0x00000000e8900000)
  from space 17920K, 0% used [0x00000000e8900000,0x00000000e8900000,0x00000000e9a80000)
  to   space 12800K, 0% used [0x00000000e9a80000,0x00000000e9a80000,0x00000000ea700000)
 ParOldGen       total 50688K, used 30217K [0x00000000a0000000, 0x00000000a3180000, 0x00000000e0000000)
  object space 50688K, 59% used [0x00000000a0000000,0x00000000a1d82678,0x00000000a3180000)
 Metaspace       used 57433K, capacity 59386K, committed 59736K, reserved 1099776K
  class space    used 7930K, capacity 8400K, committed 8536K, reserved 1048576K

Card table byte_map: [0x0000000012390000,0x00000000126a0000] byte_map_base: 0x0000000011e90000

Marking Bits: (ParMarkBitMap*) 0x0000000055ef9f30
 Begin Bits: [0x0000000012ca0000, 0x00000000144a0000)
 End Bits:   [0x00000000144a0000, 0x0000000015ca0000)

Polling page: 0x00000000014e0000

CodeCache: size=245760Kb used=18826Kb max_used=18826Kb free=226933Kb
 bounds [0x0000000002fd0000, 0x0000000004250000, 0x0000000011fd0000]
 total_blobs=6472 nmethods=5692 adapters=693
 compilation: enabled

Compilation events (10 events):
Event: 54.455 Thread 0x0000000016983800 nmethod 6167 0x000000000423d410 code [0x000000000423d560, 0x000000000423d670]
Event: 54.458 Thread 0x0000000016983800 6168       3       com.google.common.cache.LocalCache$LocalManualCache::put (11 bytes)
Event: 54.460 Thread 0x0000000016983800 nmethod 6168 0x000000000423d6d0 code [0x000000000423d8c0, 0x000000000423e088]
Event: 54.460 Thread 0x0000000016983800 6169       3       com.google.common.cache.LocalCache::put (29 bytes)
Event: 54.462 Thread 0x0000000016983800 nmethod 6169 0x000000000423e650 code [0x000000000423e840, 0x000000000423efa8]
Event: 54.463 Thread 0x0000000016983800 6170       3       org.gradle.workers.internal.WorkerDaemonClientsManager$LogLevelChangeEventListener::onOutput (25 bytes)
Event: 54.464 Thread 0x0000000016983800 nmethod 6170 0x000000000423f410 code [0x000000000423f580, 0x000000000423f990]
Event: 54.465 Thread 0x0000000016983800 6171       3       com.google.common.collect.ImmutableSortedMap$Builder::<init> (7 bytes)
Event: 54.467 Thread 0x0000000016983800 nmethod 6171 0x000000000423fad0 code [0x000000000423fc80, 0x00000000042402a8]
Event: 54.467 Thread 0x0000000016983800 6173       3       com.google.common.collect.ImmutableSortedMap$Builder::build (229 bytes)

GC Heap History (10 events):
Event: 35.311 GC heap before
{Heap before GC invocations=14 (full 2):
 PSYoungGen      total 130560K, used 3686K [0x00000000e0000000, 0x00000000e9300000, 0x0000000100000000)
  eden space 121344K, 0% used [0x00000000e0000000,0x00000000e0000000,0x00000000e7680000)
  from space 9216K, 40% used [0x00000000e7f80000,0x00000000e8319a38,0x00000000e8880000)
  to   space 9216K, 0% used [0x00000000e7680000,0x00000000e7680000,0x00000000e7f80000)
 ParOldGen       total 32256K, used 16071K [0x00000000a0000000, 0x00000000a1f80000, 0x00000000e0000000)
  object space 32256K, 49% used [0x00000000a0000000,0x00000000a0fb1e20,0x00000000a1f80000)
 Metaspace       used 34661K, capacity 35424K, committed 35456K, reserved 1079296K
  class space    used 4754K, capacity 4961K, committed 4992K, reserved 1048576K
Event: 35.774 GC heap after
Heap after GC invocations=14 (full 2):
 PSYoungGen      total 130560K, used 0K [0x00000000e0000000, 0x00000000e9300000, 0x0000000100000000)
  eden space 121344K, 0% used [0x00000000e0000000,0x00000000e0000000,0x00000000e7680000)
  from space 9216K, 0% used [0x00000000e7f80000,0x00000000e7f80000,0x00000000e8880000)
  to   space 9216K, 0% used [0x00000000e7680000,0x00000000e7680000,0x00000000e7f80000)
 ParOldGen       total 50688K, used 16007K [0x00000000a0000000, 0x00000000a3180000, 0x00000000e0000000)
  object space 50688K, 31% used [0x00000000a0000000,0x00000000a0fa1fc0,0x00000000a3180000)
 Metaspace       used 34657K, capacity 35412K, committed 35456K, reserved 1079296K
  class space    used 4753K, capacity 4959K, committed 4992K, reserved 1048576K
}
Event: 43.189 GC heap before
{Heap before GC invocations=15 (full 2):
 PSYoungGen      total 130560K, used 121344K [0x00000000e0000000, 0x00000000e9300000, 0x0000000100000000)
  eden space 121344K, 100% used [0x00000000e0000000,0x00000000e7680000,0x00000000e7680000)
  from space 9216K, 0% used [0x00000000e7f80000,0x00000000e7f80000,0x00000000e8880000)
  to   space 9216K, 0% used [0x00000000e7680000,0x00000000e7680000,0x00000000e7f80000)
 ParOldGen       total 50688K, used 16007K [0x00000000a0000000, 0x00000000a3180000, 0x00000000e0000000)
  object space 50688K, 31% used [0x00000000a0000000,0x00000000a0fa1fc0,0x00000000a3180000)
 Metaspace       used 47448K, capacity 48556K, committed 48640K, reserved 1091584K
  class space    used 6335K, capacity 6634K, committed 6656K, reserved 1048576K
Event: 43.231 GC heap after
Heap after GC invocations=15 (full 2):
 PSYoungGen      total 130560K, used 9195K [0x00000000e0000000, 0x00000000ea700000, 0x0000000100000000)
  eden space 121344K, 0% used [0x00000000e0000000,0x00000000e0000000,0x00000000e7680000)
  from space 9216K, 99% used [0x00000000e7680000,0x00000000e7f7aca8,0x00000000e7f80000)
  to   space 12800K, 0% used [0x00000000e9a80000,0x00000000e9a80000,0x00000000ea700000)
 ParOldGen       total 50688K, used 22707K [0x00000000a0000000, 0x00000000a3180000, 0x00000000e0000000)
  object space 50688K, 44% used [0x00000000a0000000,0x00000000a162ccf0,0x00000000a3180000)
 Metaspace       used 47448K, capacity 48556K, committed 48640K, reserved 1091584K
  class space    used 6335K, capacity 6634K, committed 6656K, reserved 1048576K
}
Event: 51.644 GC heap before
{Heap before GC invocations=16 (full 2):
 PSYoungGen      total 130560K, used 130539K [0x00000000e0000000, 0x00000000ea700000, 0x0000000100000000)
  eden space 121344K, 100% used [0x00000000e0000000,0x00000000e7680000,0x00000000e7680000)
  from space 9216K, 99% used [0x00000000e7680000,0x00000000e7f7aca8,0x00000000e7f80000)
  to   space 12800K, 0% used [0x00000000e9a80000,0x00000000e9a80000,0x00000000ea700000)
 ParOldGen       total 50688K, used 22707K [0x00000000a0000000, 0x00000000a3180000, 0x00000000e0000000)
  object space 50688K, 44% used [0x00000000a0000000,0x00000000a162ccf0,0x00000000a3180000)
 Metaspace       used 56207K, capacity 58062K, committed 58112K, reserved 1099776K
  class space    used 7737K, capacity 8162K, committed 8192K, reserved 1048576K
Event: 51.758 GC heap after
Heap after GC invocations=16 (full 2):
 PSYoungGen      total 153088K, used 12775K [0x00000000e0000000, 0x00000000eb180000, 0x0000000100000000)
  eden space 140288K, 0% used [0x00000000e0000000,0x00000000e0000000,0x00000000e8900000)
  from space 12800K, 99% used [0x00000000e9a80000,0x00000000ea6f9f20,0x00000000ea700000)
  to   space 17920K, 0% used [0x00000000e8900000,0x00000000e8900000,0x00000000e9a80000)
 ParOldGen       total 50688K, used 30969K [0x00000000a0000000, 0x00000000a3180000, 0x00000000e0000000)
  object space 50688K, 61% used [0x00000000a0000000,0x00000000a1e3e7f0,0x00000000a3180000)
 Metaspace       used 56207K, capacity 58062K, committed 58112K, reserved 1099776K
  class space    used 7737K, capacity 8162K, committed 8192K, reserved 1048576K
}
Event: 52.566 GC heap before
{Heap before GC invocations=17 (full 2):
 PSYoungGen      total 153088K, used 29398K [0x00000000e0000000, 0x00000000eb180000, 0x0000000100000000)
  eden space 140288K, 11% used [0x00000000e0000000,0x00000000e103bcc0,0x00000000e8900000)
  from space 12800K, 99% used [0x00000000e9a80000,0x00000000ea6f9f20,0x00000000ea700000)
  to   space 17920K, 0% used [0x00000000e8900000,0x00000000e8900000,0x00000000e9a80000)
 ParOldGen       total 50688K, used 30969K [0x00000000a0000000, 0x00000000a3180000, 0x00000000e0000000)
  object space 50688K, 61% used [0x00000000a0000000,0x00000000a1e3e7f0,0x00000000a3180000)
 Metaspace       used 57074K, capacity 58994K, committed 59096K, reserved 1099776K
  class space    used 7900K, capacity 8354K, committed 8408K, reserved 1048576K
Event: 52.602 GC heap after
Heap after GC invocations=17 (full 2):
 PSYoungGen      total 158208K, used 1946K [0x00000000e0000000, 0x00000000eb180000, 0x0000000100000000)
  eden space 140288K, 0% used [0x00000000e0000000,0x00000000e0000000,0x00000000e8900000)
  from space 17920K, 10% used [0x00000000e8900000,0x00000000e8ae69c8,0x00000000e9a80000)
  to   space 12800K, 0% used [0x00000000e9a80000,0x00000000e9a80000,0x00000000ea700000)
 ParOldGen       total 50688K, used 37651K [0x00000000a0000000, 0x00000000a3180000, 0x00000000e0000000)
  object space 50688K, 74% used [0x00000000a0000000,0x00000000a24c4f90,0x00000000a3180000)
 Metaspace       used 57074K, capacity 58994K, committed 59096K, reserved 1099776K
  class space    used 7900K, capacity 8354K, committed 8408K, reserved 1048576K
}
Event: 52.602 GC heap before
{Heap before GC invocations=18 (full 3):
 PSYoungGen      total 158208K, used 1946K [0x00000000e0000000, 0x00000000eb180000, 0x0000000100000000)
  eden space 140288K, 0% used [0x00000000e0000000,0x00000000e0000000,0x00000000e8900000)
  from space 17920K, 10% used [0x00000000e8900000,0x00000000e8ae69c8,0x00000000e9a80000)
  to   space 12800K, 0% used [0x00000000e9a80000,0x00000000e9a80000,0x00000000ea700000)
 ParOldGen       total 50688K, used 37651K [0x00000000a0000000, 0x00000000a3180000, 0x00000000e0000000)
  object space 50688K, 74% used [0x00000000a0000000,0x00000000a24c4f90,0x00000000a3180000)
 Metaspace       used 57074K, capacity 58994K, committed 59096K, reserved 1099776K
  class space    used 7900K, capacity 8354K, committed 8408K, reserved 1048576K
Event: 53.174 GC heap after
Heap after GC invocations=18 (full 3):
 PSYoungGen      total 158208K, used 0K [0x00000000e0000000, 0x00000000eb180000, 0x0000000100000000)
  eden space 140288K, 0% used [0x00000000e0000000,0x00000000e0000000,0x00000000e8900000)
  from space 17920K, 0% used [0x00000000e8900000,0x00000000e8900000,0x00000000e9a80000)
  to   space 12800K, 0% used [0x00000000e9a80000,0x00000000e9a80000,0x00000000ea700000)
 ParOldGen       total 50688K, used 30217K [0x00000000a0000000, 0x00000000a3180000, 0x00000000e0000000)
  object space 50688K, 59% used [0x00000000a0000000,0x00000000a1d82678,0x00000000a3180000)
 Metaspace       used 57003K, capacity 58798K, committed 59096K, reserved 1099776K
  class space    used 7877K, capacity 8312K, committed 8408K, reserved 1048576K
}

Deoptimization events (10 events):
Event: 48.155 Thread 0x00000000193f5800 Uncommon trap: reason=bimorphic action=maybe_recompile pc=0x0000000003ee32c4 method=java.util.regex.Pattern$5.isSatisfiedBy(I)Z @ 16
Event: 49.144 Thread 0x00000000193f5800 Uncommon trap: reason=unstable_if action=reinterpret pc=0x0000000003153aa8 method=java.util.regex.Pattern$BmpCharProperty.match(Ljava/util/regex/Matcher;ILjava/lang/CharSequence;)Z @ 34
Event: 49.198 Thread 0x00000000193f5800 Uncommon trap: reason=unstable_if action=reinterpret pc=0x0000000003cf7db0 method=com.sun.org.apache.xerces.internal.impl.XMLEntityScanner.scanLiteral(ILcom/sun/org/apache/xerces/internal/xni/XMLString;Z)I @ 660
Event: 49.612 Thread 0x00000000193f5800 Uncommon trap: reason=unstable_if action=reinterpret pc=0x000000000378be74 method=java.lang.String.lastIndexOf([CII[CIII)I @ 118
Event: 52.221 Thread 0x000000001da68000 Uncommon trap: reason=unstable_if action=reinterpret pc=0x000000000315ade8 method=java.util.concurrent.ConcurrentHashMap.putVal(Ljava/lang/Object;Ljava/lang/Object;Z)Ljava/lang/Object; @ 98
Event: 52.449 Thread 0x0000000018f17000 Uncommon trap: reason=bimorphic action=maybe_recompile pc=0x0000000003af3e14 method=java.util.Arrays.binarySearch0([Ljava/lang/Object;IILjava/lang/Object;Ljava/util/Comparator;)I @ 48
Event: 52.450 Thread 0x0000000018f17000 Uncommon trap: reason=bimorphic action=maybe_recompile pc=0x0000000003af3e14 method=java.util.Arrays.binarySearch0([Ljava/lang/Object;IILjava/lang/Object;Ljava/util/Comparator;)I @ 48
Event: 52.450 Thread 0x0000000018f17000 Uncommon trap: reason=bimorphic action=maybe_recompile pc=0x0000000003af3e14 method=java.util.Arrays.binarySearch0([Ljava/lang/Object;IILjava/lang/Object;Ljava/util/Comparator;)I @ 48
Event: 52.450 Thread 0x0000000018f17000 Uncommon trap: reason=bimorphic action=maybe_recompile pc=0x0000000003af3e14 method=java.util.Arrays.binarySearch0([Ljava/lang/Object;IILjava/lang/Object;Ljava/util/Comparator;)I @ 48
Event: 53.384 Thread 0x00000000193f5800 Uncommon trap: reason=unstable_if action=reinterpret pc=0x0000000003b24370 method=java.util.concurrent.locks.ReentrantLock$Sync.nonfairTryAcquire(I)Z @ 19

Classes redefined (0 events):
No events

Internal exceptions (10 events):
Event: 45.238 Thread 0x00000000193f5800 Exception <a 'java/lang/NoSuchMethodError': java.lang.Object.lambda$comparingInt$7b0bb60$1(Ljava/util/function/ToIntFunction;Ljava/lang/Object;Ljava/lang/Object;)I> (0x00000000e177f700) thrown at [D:\src\AOSP-openjdk-cygwin\jdk8u\hotspot\src\share\vm\inte
Event: 45.378 Thread 0x00000000193f5800 Implicit null exception at 0x0000000003b892b7 to 0x0000000003b8976d
Event: 46.935 Thread 0x00000000193f5800 Exception <a 'java/lang/ClassNotFoundException': com/android/build/gradle/internal/api/ApkVariantOutputImpl_DecoratedBeanInfo> (0x00000000e2803a50) thrown at [D:\src\AOSP-openjdk-cygwin\jdk8u\hotspot\src\share\vm\classfile\systemDictionary.cpp, line 210]
Event: 46.942 Thread 0x00000000193f5800 Exception <a 'java/lang/ClassNotFoundException': com/android/build/gradle/internal/api/ApkVariantOutputImplBeanInfo> (0x00000000e281f8c0) thrown at [D:\src\AOSP-openjdk-cygwin\jdk8u\hotspot\src\share\vm\classfile\systemDictionary.cpp, line 210]
Event: 46.944 Thread 0x00000000193f5800 Exception <a 'java/lang/ClassNotFoundException': com/android/build/gradle/internal/api/BaseVariantOutputImplBeanInfo> (0x00000000e283ca48) thrown at [D:\src\AOSP-openjdk-cygwin\jdk8u\hotspot\src\share\vm\classfile\systemDictionary.cpp, line 210]
Event: 46.945 Thread 0x00000000193f5800 Exception <a 'java/lang/ClassNotFoundException': com/android/build/gradle/internal/api/BaseVariantOutputImplCustomizer> (0x00000000e285a0e8) thrown at [D:\src\AOSP-openjdk-cygwin\jdk8u\hotspot\src\share\vm\classfile\systemDictionary.cpp, line 210]
Event: 46.949 Thread 0x00000000193f5800 Exception <a 'java/lang/ClassNotFoundException': com/android/build/gradle/internal/api/ApkVariantOutputImplCustomizer> (0x00000000e2891418) thrown at [D:\src\AOSP-openjdk-cygwin\jdk8u\hotspot\src\share\vm\classfile\systemDictionary.cpp, line 210]
Event: 46.953 Thread 0x00000000193f5800 Exception <a 'java/lang/ClassNotFoundException': com/android/build/gradle/internal/api/ApkVariantOutputImpl_DecoratedCustomizer> (0x00000000e28c3b28) thrown at [D:\src\AOSP-openjdk-cygwin\jdk8u\hotspot\src\share\vm\classfile\systemDictionary.cpp, line 210
Event: 48.283 Thread 0x00000000193f5800 Exception <a 'java/lang/ClassNotFoundException': com/sun/org/glassfish/hk2/osgiresourcelocator/ServiceLoader> (0x00000000e4187e90) thrown at [D:\src\AOSP-openjdk-cygwin\jdk8u\hotspot\src\share\vm\classfile\systemDictionary.cpp, line 210]
Event: 48.445 Thread 0x00000000193f5800 Exception <a 'java/lang/NullPointerException'> (0x00000000e46506c8) thrown at [D:\src\AOSP-openjdk-cygwin\jdk8u\hotspot\src\share\vm\interpreter\linkResolver.cpp, line 1287]

Events (10 events):
Event: 53.377 loading class org/gradle/execution/ProjectExecutionServiceRegistry done
Event: 53.378 loading class org/gradle/api/internal/artifacts/transform/TransformationSubject
Event: 53.378 loading class org/gradle/api/internal/artifacts/transform/TransformationSubject done
Event: 53.378 loading class org/gradle/api/internal/artifacts/transform/TransformationNode$ChainedTransformationNode$1
Event: 53.378 loading class org/gradle/api/internal/artifacts/transform/TransformationNode$ChainedTransformationNode$1 done
Event: 53.384 Thread 0x00000000193f5800 Uncommon trap: trap_request=0xffffff65 fr.pc=0x0000000003b24370
Event: 53.384 Thread 0x00000000193f5800 DEOPT PACKING pc=0x0000000003b24370 sp=0x000000001bfdb660
Event: 53.384 Thread 0x00000000193f5800 DEOPT UNPACKING pc=0x000000000301557b sp=0x000000001bfdb5e0 mode 2
Event: 53.570 Thread 0x00000000193f5800 DEOPT PACKING pc=0x0000000003f360e8 sp=0x000000001bfda110
Event: 53.570 Thread 0x00000000193f5800 DEOPT UNPACKING pc=0x00000000030171d0 sp=0x000000001bfd9dd0 mode 0


Dynamic libraries:
0x00007ff70bdb0000 - 0x00007ff70bde1000 	C:\Program Files\Android\Android Studio\jre\bin\java.exe
0x00007ffedd5a0000 - 0x00007ffedd790000 	C:\WINDOWS\SYSTEM32\ntdll.dll
0x00007ffedc9f0000 - 0x00007ffedcaa2000 	C:\WINDOWS\System32\KERNEL32.DLL
0x00007ffeda750000 - 0x00007ffeda9f3000 	C:\WINDOWS\System32\KERNELBASE.dll
0x00007ffedd480000 - 0x00007ffedd523000 	C:\WINDOWS\System32\ADVAPI32.dll
0x00007ffedd060000 - 0x00007ffedd0fe000 	C:\WINDOWS\System32\msvcrt.dll
0x00007ffedc550000 - 0x00007ffedc5e7000 	C:\WINDOWS\System32\sechost.dll
0x00007ffedb730000 - 0x00007ffedb850000 	C:\WINDOWS\System32\RPCRT4.dll
0x00007ffedd100000 - 0x00007ffedd294000 	C:\WINDOWS\System32\USER32.dll
0x00007ffedadf0000 - 0x00007ffedae11000 	C:\WINDOWS\System32\win32u.dll
0x00007ffedd2a0000 - 0x00007ffedd2c6000 	C:\WINDOWS\System32\GDI32.dll
0x00007ffeda5b0000 - 0x00007ffeda744000 	C:\WINDOWS\System32\gdi32full.dll
0x00007ffedad50000 - 0x00007ffedadee000 	C:\WINDOWS\System32\msvcp_win.dll
0x00007ffedaa80000 - 0x00007ffedab7a000 	C:\WINDOWS\System32\ucrtbase.dll
0x00007ffec5910000 - 0x00007ffec5b95000 	C:\WINDOWS\WinSxS\amd64_microsoft.windows.common-controls_6595b64144ccf1df_6.0.18362.657_none_e6c5b579130e3898\COMCTL32.dll
0x00007ffedb9f0000 - 0x00007ffedbd26000 	C:\WINDOWS\System32\combase.dll
0x00007ffedb5a0000 - 0x00007ffedb620000 	C:\WINDOWS\System32\bcryptPrimitives.dll
0x00007ffedc730000 - 0x00007ffedc75e000 	C:\WINDOWS\System32\IMM32.DLL
0x0000000055570000 - 0x0000000055642000 	C:\Program Files\Android\Android Studio\jre\jre\bin\msvcr100.dll
0x0000000055730000 - 0x0000000055f76000 	C:\Program Files\Android\Android Studio\jre\jre\bin\server\jvm.dll
0x00007ffedb980000 - 0x00007ffedb988000 	C:\WINDOWS\System32\PSAPI.DLL
0x00007ffed8f50000 - 0x00007ffed8f59000 	C:\WINDOWS\SYSTEM32\WSOCK32.dll
0x00007ffed8270000 - 0x00007ffed8294000 	C:\WINDOWS\SYSTEM32\WINMM.dll
0x00007ffeccac0000 - 0x00007ffeccaca000 	C:\WINDOWS\SYSTEM32\VERSION.dll
0x00007ffedc6c0000 - 0x00007ffedc72f000 	C:\WINDOWS\System32\WS2_32.dll
0x00007ffed8240000 - 0x00007ffed826d000 	C:\WINDOWS\SYSTEM32\WINMMBASE.dll
0x00007ffedaa30000 - 0x00007ffedaa7a000 	C:\WINDOWS\System32\cfgmgr32.dll
0x00007ffec8c40000 - 0x00007ffec8c4f000 	C:\Program Files\Android\Android Studio\jre\jre\bin\verify.dll
0x00007ffec8c10000 - 0x00007ffec8c39000 	C:\Program Files\Android\Android Studio\jre\jre\bin\java.dll
0x00007ffec8b90000 - 0x00007ffec8ba6000 	C:\Program Files\Android\Android Studio\jre\jre\bin\zip.dll
0x00007ffedbdf0000 - 0x00007ffedc4d5000 	C:\WINDOWS\System32\SHELL32.dll
0x00007ffedbd30000 - 0x00007ffedbdd9000 	C:\WINDOWS\System32\shcore.dll
0x00007ffedae20000 - 0x00007ffedb59f000 	C:\WINDOWS\System32\windows.storage.dll
0x00007ffeda4e0000 - 0x00007ffeda4ff000 	C:\WINDOWS\System32\profapi.dll
0x00007ffeda490000 - 0x00007ffeda4da000 	C:\WINDOWS\System32\powrprof.dll
0x00007ffeda440000 - 0x00007ffeda450000 	C:\WINDOWS\System32\UMPDC.dll
0x00007ffedb990000 - 0x00007ffedb9e2000 	C:\WINDOWS\System32\shlwapi.dll
0x00007ffeda470000 - 0x00007ffeda481000 	C:\WINDOWS\System32\kernel.appcore.dll
0x00007ffedabe0000 - 0x00007ffedabf7000 	C:\WINDOWS\System32\cryptsp.dll
0x00007ffeb93f0000 - 0x00007ffeb940a000 	C:\Program Files\Android\Android Studio\jre\jre\bin\net.dll
0x00007ffecec40000 - 0x00007ffecee16000 	C:\WINDOWS\SYSTEM32\urlmon.dll
0x00007ffecef40000 - 0x00007ffecf1e6000 	C:\WINDOWS\SYSTEM32\iertutil.dll
0x00007ffed9e20000 - 0x00007ffed9e2c000 	C:\WINDOWS\SYSTEM32\CRYPTBASE.DLL
0x00007ffed9c50000 - 0x00007ffed9cb7000 	C:\WINDOWS\system32\mswsock.dll
0x00007ffeb91b0000 - 0x00007ffeb91c3000 	C:\Program Files\Android\Android Studio\jre\jre\bin\nio.dll
0x00007ffeca340000 - 0x00007ffeca366000 	C:\Users\Asus\.gradle\native\30\windows-amd64\native-platform.dll
0x00007ffebd760000 - 0x00007ffebd76d000 	C:\Program Files\Android\Android Studio\jre\jre\bin\management.dll
0x00007ffed97c0000 - 0x00007ffed97f3000 	C:\WINDOWS\system32\rsaenh.dll
0x00007ffedaa00000 - 0x00007ffedaa26000 	C:\WINDOWS\System32\bcrypt.dll
0x00007ffeda360000 - 0x00007ffeda385000 	C:\WINDOWS\SYSTEM32\USERENV.dll
0x00007ffed9960000 - 0x00007ffed999a000 	C:\WINDOWS\SYSTEM32\IPHLPAPI.DLL
0x00007ffedb720000 - 0x00007ffedb728000 	C:\WINDOWS\System32\NSI.dll
0x00007ffecb1f0000 - 0x00007ffecb206000 	C:\WINDOWS\SYSTEM32\dhcpcsvc6.DLL
0x00007ffecb1d0000 - 0x00007ffecb1ec000 	C:\WINDOWS\SYSTEM32\dhcpcsvc.DLL
0x00007ffed99a0000 - 0x00007ffed9a6a000 	C:\WINDOWS\SYSTEM32\DNSAPI.dll

VM Arguments:
jvm_args: -Xmx1536m -Dfile.encoding=windows-1251 -Duser.country=RU -Duser.language=ru -Duser.variant 
java_command: org.gradle.launcher.daemon.bootstrap.GradleDaemon 5.6.4
java_class_path (initial): C:\Users\Asus\.gradle\wrapper\dists\gradle-5.6.4-all\ankdp27end7byghfw1q2sw75f\gradle-5.6.4\lib\gradle-launcher-5.6.4.jar
Launcher Type: SUN_STANDARD

Environment Variables:
PATH=C:\Program Files (x86)\Python37-32\Scripts\;C:\Program Files (x86)\Python37-32\;C:\Program Files (x86)\Python36-32\Scripts\;C:\Program Files (x86)\Python36-32\;C:\WINDOWS\system32;C:\WINDOWS;C:\WINDOWS\System32\Wbem;C:\WINDOWS\System32\WindowsPowerShell\v1.0\;C:\WINDOWS\System32\OpenSSH\;C:\Program Files\dotnet\;C:\Program Files\Git\cmd;C:\Users\Asus\AppData\Local\Microsoft\WindowsApps;
USERNAME=Asus
OS=Windows_NT
PROCESSOR_IDENTIFIER=Intel64 Family 6 Model 76 Stepping 3, GenuineIntel



---------------  S Y S T E M  ---------------

OS: Windows 10.0 , 64 bit Build 18362 (10.0.18362.329)

CPU:total 4 (initial active 4) (4 cores per cpu, 1 threads per core) family 6 model 76 stepping 3, cmov, cx8, fxsr, mmx, sse, sse2, sse3, ssse3, sse4.1, sse4.2, popcnt, aes, clmul, erms, 3dnowpref, tsc, tscinvbit

Memory: 4k page, physical 3568588k(290080k free), swap 3568588k(5132k free)

vm_info: OpenJDK 64-Bit Server VM (25.212-b04) for windows-amd64 JRE (1.8.0_212-release-1586-b04), built by "builder" with MS VC++ 10.0 (VS2010)

time: Wed Mar 11 14:08:10 2020
timezone: Финляндия (зима)
elapsed time: 54 seconds (0d 0h 0m 54s)

